2022-04-25 17:29:07,636 INFO c.e.t.Main [main] In function doSomething....
2022-04-25 17:29:07,638 DEBUG c.e.t.Main [main] In function doSomething....DEBUG
2022-04-26 16:38:57,444 INFO c.e.t.Main [main] In function doSomething....
2022-04-26 16:38:57,448 DEBUG c.e.t.Main [main] In function doSomething....DEBUG
2022-04-26 16:39:43,024 INFO c.e.t.Main [main] In function doSomething....
2022-04-26 16:39:43,029 DEBUG c.e.t.Main [main] In function doSomething....DEBUG
2022-04-26 16:47:13,893 INFO c.e.t.Main [main] In function doSomething....
2022-04-26 16:47:13,896 DEBUG c.e.t.Main [main] In function doSomething....DEBUG
2022-04-26 17:17:10,649 INFO c.e.t.Main [main] In function doSomething....
2022-04-26 17:17:10,653 DEBUG c.e.t.Main [main] In function doSomething....DEBUG
2022-04-26 17:32:35,308 INFO c.e.t.Main [main] In function doSomething....
2022-04-26 17:32:35,311 DEBUG c.e.t.Main [main] In function doSomething....DEBUG
2022-04-28 15:35:32,953 INFO c.e.t.Main [main] In function doSomething....
2022-04-28 15:35:32,964 DEBUG c.e.t.Main [main] In function doSomething....DEBUG
2022-04-28 15:46:33,565 INFO c.e.t.Main [main] In function doSomething....
2022-04-28 15:46:33,568 DEBUG c.e.t.Main [main] In function doSomething....DEBUG
2022-04-28 16:03:48,649 INFO c.e.t.Main [main] In function doSomething....
2022-04-28 16:03:48,652 DEBUG c.e.t.Main [main] In function doSomething....DEBUG
2022-04-28 16:24:22,376 INFO c.e.t.Main [main] In function doSomething....
2022-04-28 16:24:22,379 DEBUG c.e.t.Main [main] In function doSomething....DEBUG
2022-04-28 17:12:45,850 INFO c.e.t.Main [main] In function doSomething....
2022-04-28 17:12:45,852 DEBUG c.e.t.Main [main] In function doSomething....DEBUG
2022-05-01 14:16:04,177 INFO c.e.t.Main [main] In function doSomething....
2022-05-01 14:16:04,180 DEBUG c.e.t.Main [main] In function doSomething....DEBUG
2022-05-01 14:16:42,114 INFO c.e.t.Main [main] In function doSomething....
2022-05-01 14:16:42,116 DEBUG c.e.t.Main [main] In function doSomething....DEBUG
2022-05-01 14:17:19,837 INFO c.e.t.Main [main] In function doSomething....
2022-05-01 14:17:19,839 DEBUG c.e.t.Main [main] In function doSomething....DEBUG
2022-05-01 14:17:46,506 INFO c.e.t.Main [main] In function doSomething....
2022-05-01 14:17:46,509 DEBUG c.e.t.Main [main] In function doSomething....DEBUG
2022-05-01 14:18:59,985 INFO c.e.t.Main [main] In function doSomething....
2022-05-01 14:18:59,988 DEBUG c.e.t.Main [main] In function doSomething....DEBUG
2022-05-01 14:20:40,099 INFO c.e.t.Main [main] In function doSomething....
2022-05-01 14:20:40,101 DEBUG c.e.t.Main [main] In function doSomething....DEBUG
2022-05-01 14:24:15,963 INFO c.e.t.Main [main] In function doSomething....
2022-05-01 14:24:15,967 DEBUG c.e.t.Main [main] In function doSomething....DEBUG
2022-05-01 15:42:33,532 INFO c.e.t.Main [main] In function doSomething....
2022-05-01 15:42:33,535 DEBUG c.e.t.Main [main] In function doSomething....DEBUG
2022-05-01 15:54:03,285 INFO c.e.t.Main [main] In function doSomething....
2022-05-01 15:54:03,288 DEBUG c.e.t.Main [main] In function doSomething....DEBUG
2022-05-01 16:07:54,264 INFO c.e.t.Main [main] In function doSomething....
2022-05-01 16:07:54,268 DEBUG c.e.t.Main [main] In function doSomething....DEBUG
2022-05-01 16:10:32,365 INFO c.e.t.Main [main] In function doSomething....
2022-05-01 16:10:32,368 DEBUG c.e.t.Main [main] In function doSomething....DEBUG
2022-05-01 16:27:43,166 INFO c.e.t.Main [main] In function doSomething....
2022-05-01 16:27:43,168 DEBUG c.e.t.Main [main] In function doSomething....DEBUG
2022-05-01 16:28:29,635 INFO c.e.t.Main [main] In function doSomething....
2022-05-01 16:28:29,638 DEBUG c.e.t.Main [main] In function doSomething....DEBUG
2022-05-01 16:38:30,770 INFO c.e.t.Main [main] In function doSomething....
2022-05-01 16:38:30,774 DEBUG c.e.t.Main [main] In function doSomething....DEBUG
2022-05-01 22:59:30,425 INFO c.e.t.Main [main] In function doSomething....
2022-05-01 22:59:30,428 DEBUG c.e.t.Main [main] In function doSomething....DEBUG
2022-05-02 00:13:48,824 INFO c.e.t.d.i.Database [JavaFX Application Thread] Save tour Randi.
2022-05-02 00:33:50,786 INFO c.e.t.d.i.Database [JavaFX Application Thread] Save tour Test.
2022-05-02 00:35:35,167 INFO c.e.t.d.i.Database [JavaFX Application Thread] Save tour test.
2022-05-02 00:36:40,812 INFO c.e.t.d.i.Database [JavaFX Application Thread] Save tour tour.
2022-05-02 00:39:48,994 INFO c.e.t.d.i.Database [JavaFX Application Thread] Save tour asdfgd.
2022-05-02 00:42:56,152 INFO c.e.t.d.i.Database [JavaFX Application Thread] Save tour dal.
2022-05-02 00:50:31,006 INFO c.e.t.d.i.Database [JavaFX Application Thread] Save tour dal.
2022-05-02 00:51:58,249 INFO c.e.t.Main [main] In function doSomething....
2022-05-02 00:51:58,250 DEBUG c.e.t.Main [main] In function doSomething....DEBUG
2022-05-02 12:30:19,524 INFO c.e.t.d.i.Database [JavaFX Application Thread] Save tour er.
2022-05-02 12:48:00,622 INFO c.e.t.Main [main] In function doSomething....
2022-05-02 12:48:00,623 DEBUG c.e.t.Main [main] In function doSomething....DEBUG
2022-05-02 16:18:54,051 INFO c.e.t.Main [main] In function doSomething....
2022-05-02 16:18:54,054 DEBUG c.e.t.Main [main] In function doSomething....DEBUG
2022-05-02 16:38:42,228 INFO c.e.t.d.i.Database [JavaFX Application Thread] Save tour fdg.
2022-05-02 17:35:13,793 INFO c.e.t.d.i.Database [JavaFX Application Thread] Save tour fgh.
2022-05-02 17:35:13,802 DEBUG c.e.t.d.p.DatabaseImpl [JavaFX Application Thread] Execute insert statement: INSERT INTO public."tours" ("tourName", "tourDescription", "from", "to", "transportType", "distance", "estimatedTime" VALUES(?, ?, ?, ?, ?, CAST(? AS DECIMAL), ?); with parameters: [fgh, ghgfd, gfh, fgh, , null, null]
2022-05-02 17:35:13,806 ERROR c.e.t.d.p.DatabaseImpl [JavaFX Application Thread] Establishing database connection failed.
2022-05-02 17:35:13,808 ERROR c.e.t.d.p.DatabaseImpl [JavaFX Application Thread] Failed to execute insert statement: INSERT INTO public."tours" ("tourName", "tourDescription", "from", "to", "transportType", "distance", "estimatedTime" VALUES(?, ?, ?, ?, ?, CAST(? AS DECIMAL), ?); with parameters: [fgh, ghgfd, gfh, fgh, , null, null]
2022-05-02 20:35:55,176 INFO c.e.t.d.i.Database [JavaFX Application Thread] Save tour efr.
2022-05-02 20:35:55,185 DEBUG c.e.t.d.p.DatabaseImpl [JavaFX Application Thread] Execute insert statement: INSERT INTO public."tours" ("tourName", "tourDescription", "from", "to", "transportType", "distance", "estimatedTime" VALUES(?, ?, ?, ?, ?, CAST(? AS DECIMAL), ?); with parameters: [efr, sdfg, reg, regg, , null, null]
2022-05-02 20:35:55,189 ERROR c.e.t.d.p.DatabaseImpl [JavaFX Application Thread] Establishing database connection failed.
2022-05-02 20:35:55,192 ERROR c.e.t.d.p.DatabaseImpl [JavaFX Application Thread] Failed to execute insert statement: INSERT INTO public."tours" ("tourName", "tourDescription", "from", "to", "transportType", "distance", "estimatedTime" VALUES(?, ?, ?, ?, ?, CAST(? AS DECIMAL), ?); with parameters: [efr, sdfg, reg, regg, , null, null]
2022-05-02 20:37:17,553 INFO c.e.t.Main [main] In function doSomething....
2022-05-02 20:37:17,553 DEBUG c.e.t.Main [main] In function doSomething....DEBUG
2022-05-02 23:18:40,526 INFO c.e.t.d.i.Database [JavaFX Application Thread] Save tour jzhtd.
2022-05-02 23:18:40,539 DEBUG c.e.t.d.p.DatabaseImpl [JavaFX Application Thread] Execute insert statement: INSERT INTO public."tours" ("tourName", "tourDescription", "from", "to", "transportType", "distance", "estimatedTime" VALUES(?, ?, ?, ?, ?, CAST(? AS DECIMAL), ?); with parameters: [jzhtd, fhgdfj, jgfhd, jzfth, , null, null]
2022-05-02 23:18:40,543 ERROR c.e.t.d.p.DatabaseImpl [JavaFX Application Thread] Establishing database connection failed.
2022-05-02 23:18:40,545 ERROR c.e.t.d.p.DatabaseImpl [JavaFX Application Thread] Failed to execute insert statement: INSERT INTO public."tours" ("tourName", "tourDescription", "from", "to", "transportType", "distance", "estimatedTime" VALUES(?, ?, ?, ?, ?, CAST(? AS DECIMAL), ?); with parameters: [jzhtd, fhgdfj, jgfhd, jzfth, , null, null]
2022-05-02 23:29:17,951 INFO c.e.t.Main [main] In function doSomething....
2022-05-02 23:29:17,952 DEBUG c.e.t.Main [main] In function doSomething....DEBUG
2022-05-03 11:17:09,741 INFO c.e.t.d.i.Database [JavaFX Application Thread] Get all tours
2022-05-03 11:17:09,748 DEBUG c.e.t.d.p.DatabaseImpl [JavaFX Application Thread] Execute select statement: SELECT * FROM public."tours";
2022-05-03 11:17:09,753 ERROR c.e.t.d.p.DatabaseImpl [JavaFX Application Thread] Establishing database connection failed.
2022-05-03 11:17:09,754 ERROR c.e.t.d.p.DatabaseImpl [JavaFX Application Thread] Failed to execute select statement: SELECT * FROM public."tours";
2022-05-03 11:36:59,661 INFO c.e.t.d.i.Database [JavaFX Application Thread] Get all tours
2022-05-03 11:36:59,670 DEBUG c.e.t.d.p.DatabaseImpl [JavaFX Application Thread] Execute select statement: SELECT * FROM public."tours";
2022-05-03 11:36:59,674 ERROR c.e.t.d.p.DatabaseImpl [JavaFX Application Thread] Establishing database connection failed.
2022-05-03 11:36:59,675 ERROR c.e.t.d.p.DatabaseImpl [JavaFX Application Thread] Failed to execute select statement: SELECT * FROM public."tours";
2022-05-03 11:37:20,709 INFO c.e.t.d.i.Database [JavaFX Application Thread] Save tour afsd.
2022-05-03 11:37:20,710 DEBUG c.e.t.d.p.DatabaseImpl [JavaFX Application Thread] Execute insert statement: INSERT INTO public."tours" ("tourName", "tourDescription", "from", "to", "transportType", "distance", "estimatedTime" VALUES(?, ?, ?, ?, ?, CAST(? AS DECIMAL), ?); with parameters: [afsd, sdghff, sdg, sdga, , null, null]
2022-05-03 11:37:20,710 ERROR c.e.t.d.p.DatabaseImpl [JavaFX Application Thread] Establishing database connection failed.
2022-05-03 11:37:20,713 ERROR c.e.t.d.p.DatabaseImpl [JavaFX Application Thread] Failed to execute insert statement: INSERT INTO public."tours" ("tourName", "tourDescription", "from", "to", "transportType", "distance", "estimatedTime" VALUES(?, ?, ?, ?, ?, CAST(? AS DECIMAL), ?); with parameters: [afsd, sdghff, sdg, sdga, , null, null]
2022-05-03 16:59:35,869 INFO c.e.t.d.i.Database [JavaFX Application Thread] Get all tours
2022-05-03 17:00:36,326 INFO c.e.t.d.i.Database [JavaFX Application Thread] Get all tours
2022-05-03 17:00:36,331 DEBUG c.e.t.d.p.DatabaseImpl [JavaFX Application Thread] Execute select statement: SELECT * FROM public."tours";
2022-05-03 17:00:36,334 ERROR c.e.t.d.p.DatabaseImpl [JavaFX Application Thread] Establishing database connection failed.
2022-05-03 17:00:36,335 ERROR c.e.t.d.p.DatabaseImpl [JavaFX Application Thread] Failed to execute select statement: SELECT * FROM public."tours";
2022-05-03 17:03:36,228 INFO c.e.t.d.i.Database [JavaFX Application Thread] Get all tours
2022-05-03 17:03:36,233 DEBUG c.e.t.d.p.DatabaseImpl [JavaFX Application Thread] Execute select statement: SELECT * FROM public."tours";
2022-05-03 17:03:36,287 ERROR c.e.t.d.p.DatabaseImpl [JavaFX Application Thread] Establishing database connection failed.
2022-05-03 17:03:36,289 ERROR c.e.t.d.p.DatabaseImpl [JavaFX Application Thread] Failed to execute select statement: SELECT * FROM public."tours";
2022-05-03 17:04:54,661 INFO c.e.t.d.i.Database [JavaFX Application Thread] Get all tours
2022-05-03 17:04:54,666 DEBUG c.e.t.d.p.DatabaseImpl [JavaFX Application Thread] Execute select statement: SELECT * FROM public."tours";
2022-05-03 17:04:54,764 ERROR c.e.t.d.p.DatabaseImpl [JavaFX Application Thread] Failed to execute select statement: SELECT * FROM public."tours";
2022-05-03 17:05:37,133 INFO c.e.t.d.i.Database [JavaFX Application Thread] Get all tours
2022-05-03 17:05:37,138 DEBUG c.e.t.d.p.DatabaseImpl [JavaFX Application Thread] Execute select statement: SELECT * FROM public."tours";
2022-05-03 17:09:10,542 INFO c.e.t.d.i.Database [JavaFX Application Thread] Get all tours
2022-05-03 17:09:10,546 DEBUG c.e.t.d.p.DatabaseImpl [JavaFX Application Thread] Execute select statement: SELECT * FROM public."tours";
2022-05-03 18:57:11,009 INFO c.e.t.d.i.Database [JavaFX Application Thread] Get all tours
2022-05-03 18:57:11,017 DEBUG c.e.t.d.p.DatabaseImpl [JavaFX Application Thread] Execute select statement: SELECT * FROM public."tours";
2022-05-03 18:57:37,628 INFO c.e.t.d.i.Database [JavaFX Application Thread] Save tour Goal.
2022-05-03 18:57:37,628 DEBUG c.e.t.d.p.DatabaseImpl [JavaFX Application Thread] Execute insert statement: INSERT INTO public."tours" ("tourName", "tourDescription", "from", "to", "transportType", "distance", "estimatedTime" VALUES(?, ?, ?, ?, ?, CAST(? AS DECIMAL), ?); with parameters: [Goal, sadgd, asf, asfgd, , null, null]
2022-05-03 18:57:37,653 ERROR c.e.t.d.p.DatabaseImpl [JavaFX Application Thread] Failed to execute insert statement: INSERT INTO public."tours" ("tourName", "tourDescription", "from", "to", "transportType", "distance", "estimatedTime" VALUES(?, ?, ?, ?, ?, CAST(? AS DECIMAL), ?); with parameters: [Goal, sadgd, asf, asfgd, , null, null]
2022-05-03 18:59:25,214 INFO c.e.t.d.i.Database [JavaFX Application Thread] Get all tours
2022-05-03 18:59:25,218 DEBUG c.e.t.d.p.DatabaseImpl [JavaFX Application Thread] Execute select statement: SELECT * FROM public."tours";
2022-05-03 19:00:05,930 INFO c.e.t.d.i.Database [JavaFX Application Thread] Save tour Tour 2.
2022-05-03 19:00:05,931 DEBUG c.e.t.d.p.DatabaseImpl [JavaFX Application Thread] Execute insert statement: INSERT INTO public."tours" ("tourName", "tourDescription", "from", "to", "transportType", "distance", "estimatedTime") VALUES(?, ?, ?, ?, ?, CAST(? AS DECIMAL), ?); with parameters: [Tour 2, Bus fährt tour nach Bratislava, Vienna, Bratislava, , null, null]
2022-05-03 19:06:32,171 INFO c.e.t.Main [main] In function doSomething....
2022-05-03 19:06:32,172 DEBUG c.e.t.Main [main] In function doSomething....DEBUG
2022-05-06 16:45:00,579 INFO c.e.t.d.i.Database [JavaFX Application Thread] Get all tours
2022-05-06 16:45:00,591 DEBUG c.e.t.d.p.DatabaseImpl [JavaFX Application Thread] Execute select statement: SELECT * FROM public."tours";
2022-05-06 16:46:04,773 INFO c.e.t.d.i.Database [JavaFX Application Thread] Get all tours
2022-05-06 16:46:04,785 DEBUG c.e.t.d.p.DatabaseImpl [JavaFX Application Thread] Execute select statement: SELECT * FROM public."tours";
2022-05-06 16:48:19,014 INFO c.e.t.d.i.Database [JavaFX Application Thread] Save tour Wen.
2022-05-06 16:48:19,016 DEBUG c.e.t.d.p.DatabaseImpl [JavaFX Application Thread] Execute insert statement: INSERT INTO public."tours" ("tourName", "tourDescription", "from", "to", "transportType", "distance", "estimatedTime") VALUES(?, ?, ?, ?, ?, CAST(? AS DECIMAL), ?); with parameters: [Wen, sdsfgsfg, adsjkda, adfsg, , null, null]
2022-05-06 16:56:52,208 INFO c.e.t.d.i.Database [JavaFX Application Thread] Get all tours
2022-05-06 16:56:52,222 DEBUG c.e.t.d.p.DatabaseImpl [JavaFX Application Thread] Execute select statement: SELECT * FROM public."tours";
2022-05-06 16:57:52,791 INFO c.e.t.d.i.Database [JavaFX Application Thread] Save tour test.
2022-05-06 16:57:52,792 DEBUG c.e.t.d.p.DatabaseImpl [JavaFX Application Thread] Execute insert statement: INSERT INTO public."tours" ("tourName", "tourDescription", "from", "to", "transportType", "distance", "estimatedTime") VALUES(?, ?, ?, ?, ?, CAST(? AS DECIMAL), ?); with parameters: [test, dies ist ein test, test, test, , null, null]
2022-05-06 16:59:55,963 INFO c.e.t.Main [main] In function doSomething....
2022-05-06 16:59:55,965 DEBUG c.e.t.Main [main] In function doSomething....DEBUG
2022-05-06 17:00:10,053 INFO c.e.t.d.i.Database [JavaFX Application Thread] Get all tours
2022-05-06 17:00:10,070 DEBUG c.e.t.d.p.DatabaseImpl [JavaFX Application Thread] Execute select statement: SELECT * FROM public."tours";
2022-05-06 17:01:24,677 INFO c.e.t.d.i.Database [JavaFX Application Thread] Save tour test1.
2022-05-06 17:01:24,678 DEBUG c.e.t.d.p.DatabaseImpl [JavaFX Application Thread] Execute insert statement: INSERT INTO public."tours" ("tourName", "tourDescription", "from", "to", "transportType", "distance", "estimatedTime") VALUES(?, ?, ?, ?, ?, CAST(? AS DECIMAL), ?); with parameters: [test1, test1, test1, tedst1, , null, null]
2022-05-06 17:01:24,691 INFO c.e.t.d.i.Database [JavaFX Application Thread] Get all tours
2022-05-06 17:01:24,692 DEBUG c.e.t.d.p.DatabaseImpl [JavaFX Application Thread] Execute select statement: SELECT * FROM public."tours";
2022-05-06 17:04:11,471 INFO c.e.t.d.i.Database [JavaFX Application Thread] Get all tours
2022-05-06 17:04:11,485 DEBUG c.e.t.d.p.DatabaseImpl [JavaFX Application Thread] Execute select statement: SELECT * FROM public."tours";
2022-05-06 17:04:48,316 INFO c.e.t.d.i.Database [JavaFX Application Thread] Get all tours
2022-05-06 17:04:48,328 DEBUG c.e.t.d.p.DatabaseImpl [JavaFX Application Thread] Execute select statement: SELECT * FROM public."tours";
2022-05-06 17:05:21,968 INFO c.e.t.d.i.Database [JavaFX Application Thread] Save tour dsfds.
2022-05-06 17:05:21,968 DEBUG c.e.t.d.p.DatabaseImpl [JavaFX Application Thread] Execute insert statement: INSERT INTO public."tours" ("tourName", "tourDescription", "from", "to", "transportType", "distance", "estimatedTime") VALUES(?, ?, ?, ?, ?, CAST(? AS DECIMAL), ?); with parameters: [dsfds, sgsdg, sdfgs, sgsgd, , 23.0, 23]
2022-05-06 17:05:21,987 ERROR c.e.t.d.p.DatabaseImpl [JavaFX Application Thread] Failed to execute insert statement: INSERT INTO public."tours" ("tourName", "tourDescription", "from", "to", "transportType", "distance", "estimatedTime") VALUES(?, ?, ?, ?, ?, CAST(? AS DECIMAL), ?); with parameters: [dsfds, sgsdg, sdfgs, sgsgd, , 23.0, 23]
2022-05-06 17:05:26,906 INFO c.e.t.d.i.Database [JavaFX Application Thread] Save tour dsfds.
2022-05-06 17:05:26,907 DEBUG c.e.t.d.p.DatabaseImpl [JavaFX Application Thread] Execute insert statement: INSERT INTO public."tours" ("tourName", "tourDescription", "from", "to", "transportType", "distance", "estimatedTime") VALUES(?, ?, ?, ?, ?, CAST(? AS DECIMAL), ?); with parameters: [dsfds, sgsdg, sdfgs, sgsgd, , 23.0, 23]
2022-05-06 17:05:26,918 ERROR c.e.t.d.p.DatabaseImpl [JavaFX Application Thread] Failed to execute insert statement: INSERT INTO public."tours" ("tourName", "tourDescription", "from", "to", "transportType", "distance", "estimatedTime") VALUES(?, ?, ?, ?, ?, CAST(? AS DECIMAL), ?); with parameters: [dsfds, sgsdg, sdfgs, sgsgd, , 23.0, 23]
2022-05-06 17:07:47,768 INFO c.e.t.d.i.Database [JavaFX Application Thread] Get all tours
2022-05-06 17:07:47,778 DEBUG c.e.t.d.p.DatabaseImpl [JavaFX Application Thread] Execute select statement: SELECT * FROM public."tours";
2022-05-06 17:08:00,069 INFO c.e.t.d.i.Database [JavaFX Application Thread] Save tour asfdf.
2022-05-06 17:08:00,070 DEBUG c.e.t.d.p.DatabaseImpl [JavaFX Application Thread] Execute insert statement: INSERT INTO public."tours" ("tourName", "tourDescription", "from", "to", "transportType", "distance", "estimatedTime") VALUES(?, ?, ?, ?, ?, CAST(? AS DECIMAL), ?); with parameters: [asfdf, sdgsddsg, dasgsf, sgsdg, , 23.0, null]
2022-05-06 17:08:00,092 INFO c.e.t.d.i.Database [JavaFX Application Thread] Get all tours
2022-05-06 17:08:00,093 DEBUG c.e.t.d.p.DatabaseImpl [JavaFX Application Thread] Execute select statement: SELECT * FROM public."tours";
2022-05-06 17:10:26,376 INFO c.e.t.d.i.Database [JavaFX Application Thread] Get all tours
2022-05-06 17:10:26,395 DEBUG c.e.t.d.p.DatabaseImpl [JavaFX Application Thread] Execute select statement: SELECT * FROM public."tours";
2022-05-06 17:11:10,796 INFO c.e.t.d.i.Database [JavaFX Application Thread] Get all tours
2022-05-06 17:11:10,809 DEBUG c.e.t.d.p.DatabaseImpl [JavaFX Application Thread] Execute select statement: SELECT * FROM public."tours";
2022-05-06 17:11:27,559 INFO c.e.t.d.i.Database [JavaFX Application Thread] Save tour ghj.
2022-05-06 17:11:27,560 DEBUG c.e.t.d.p.DatabaseImpl [JavaFX Application Thread] Execute insert statement: INSERT INTO public."tours" ("tourName", "tourDescription", "from", "to", "transportType", "distance", "estimatedTime") VALUES(?, ?, ?, ?, ?, CAST(? AS DECIMAL), ?); with parameters: [ghj, ghf, ghhj, ghjf, , 23.0, 33]
2022-05-06 17:11:27,574 ERROR c.e.t.d.p.DatabaseImpl [JavaFX Application Thread] Failed to execute insert statement: INSERT INTO public."tours" ("tourName", "tourDescription", "from", "to", "transportType", "distance", "estimatedTime") VALUES(?, ?, ?, ?, ?, CAST(? AS DECIMAL), ?); with parameters: [ghj, ghf, ghhj, ghjf, , 23.0, 33]
2022-05-06 17:14:48,170 INFO c.e.t.d.i.Database [JavaFX Application Thread] Get all tours
2022-05-06 17:14:48,185 DEBUG c.e.t.d.p.DatabaseImpl [JavaFX Application Thread] Execute select statement: SELECT * FROM public."tours";
2022-05-06 17:15:09,415 INFO c.e.t.d.i.Database [JavaFX Application Thread] Save tour qwrew.
2022-05-06 17:15:09,416 DEBUG c.e.t.d.p.DatabaseImpl [JavaFX Application Thread] Execute insert statement: INSERT INTO public."tours" ("tourName", "tourDescription", "from", "to", "transportType", "distance", "estimatedTime") VALUES(?, ?, ?, ?, ?, CAST(? AS DECIMAL), CAST(? AS INTEGER); with parameters: [qwrew, werwrtgf, weer, werrw, , 23.0, 33]
2022-05-06 17:15:09,482 ERROR c.e.t.d.p.DatabaseImpl [JavaFX Application Thread] Failed to execute insert statement: INSERT INTO public."tours" ("tourName", "tourDescription", "from", "to", "transportType", "distance", "estimatedTime") VALUES(?, ?, ?, ?, ?, CAST(? AS DECIMAL), CAST(? AS INTEGER); with parameters: [qwrew, werwrtgf, weer, werrw, , 23.0, 33]
2022-05-06 17:17:27,347 INFO c.e.t.d.i.Database [JavaFX Application Thread] Get all tours
2022-05-06 17:17:27,362 DEBUG c.e.t.d.p.DatabaseImpl [JavaFX Application Thread] Execute select statement: SELECT * FROM public."tours";
2022-05-06 17:17:40,801 INFO c.e.t.d.i.Database [JavaFX Application Thread] Save tour sdfs.
2022-05-06 17:17:40,801 DEBUG c.e.t.d.p.DatabaseImpl [JavaFX Application Thread] Execute insert statement: INSERT INTO public."tours" ("tourName", "tourDescription", "from", "to", "transportType", "distance", "estimatedTime") VALUES(?, ?, ?, ?, ?, CAST(? AS DECIMAL), CAST(? AS INTEGER)); with parameters: [sdfs, sfgsfsg, sfgfs, sfggsf, , 23.0, 33]
2022-05-06 17:17:40,820 INFO c.e.t.d.i.Database [JavaFX Application Thread] Get all tours
2022-05-06 17:17:40,820 DEBUG c.e.t.d.p.DatabaseImpl [JavaFX Application Thread] Execute select statement: SELECT * FROM public."tours";
2022-05-06 17:20:27,756 INFO c.e.t.d.i.Database [JavaFX Application Thread] Get all tours
2022-05-06 17:20:27,767 DEBUG c.e.t.d.p.DatabaseImpl [JavaFX Application Thread] Execute select statement: SELECT * FROM public."tours";
2022-05-06 17:21:17,413 INFO c.e.t.d.i.Database [JavaFX Application Thread] Get all tours
2022-05-06 17:21:17,432 DEBUG c.e.t.d.p.DatabaseImpl [JavaFX Application Thread] Execute select statement: SELECT * FROM public."tours";
2022-05-06 17:21:44,147 INFO c.e.t.d.i.Database [JavaFX Application Thread] Save tour hgfjh.
2022-05-06 17:21:44,149 DEBUG c.e.t.d.p.DatabaseImpl [JavaFX Application Thread] Execute insert statement: INSERT INTO public."tours" ("tourName", "tourDescription", "from", "to", "transportType", "distance", "estimatedTime") VALUES(?, ?, ?, ?, ?, CAST(? AS DECIMAL), CAST(? AS INTEGER)); with parameters: [hgfjh, gdghj, hjfjh, hgfj, , 23.0, 33]
2022-05-06 17:21:44,206 INFO c.e.t.d.i.Database [JavaFX Application Thread] Get all tours
2022-05-06 17:21:44,206 DEBUG c.e.t.d.p.DatabaseImpl [JavaFX Application Thread] Execute select statement: SELECT * FROM public."tours";
2022-05-06 17:23:33,300 INFO c.e.t.d.i.Database [JavaFX Application Thread] Get all tours
2022-05-06 17:23:33,311 DEBUG c.e.t.d.p.DatabaseImpl [JavaFX Application Thread] Execute select statement: SELECT * FROM public."tours";
2022-05-06 17:23:47,678 INFO c.e.t.d.i.Database [JavaFX Application Thread] Save tour sdhjds.
2022-05-06 17:23:47,680 DEBUG c.e.t.d.p.DatabaseImpl [JavaFX Application Thread] Execute insert statement: INSERT INTO public."tours" ("tourName", "tourDescription", "from", "to", "transportType", "distance", "estimatedTime") VALUES(?, ?, ?, ?, ?, CAST(? AS DECIMAL), CAST(? AS INTEGER)); with parameters: [sdhjds, dsjhsdfhgfsd, hdjssd, jgsdv, , 23.0, 33]
2022-05-06 17:23:47,728 INFO c.e.t.d.i.Database [JavaFX Application Thread] Get all tours
2022-05-06 17:23:47,729 DEBUG c.e.t.d.p.DatabaseImpl [JavaFX Application Thread] Execute select statement: SELECT * FROM public."tours";
2022-05-06 17:33:56,901 INFO c.e.t.d.i.Database [JavaFX Application Thread] Get all tours
2022-05-06 17:33:56,921 DEBUG c.e.t.d.p.DatabaseImpl [JavaFX Application Thread] Execute select statement: SELECT * FROM public."tours";
2022-05-06 17:35:06,870 INFO c.e.t.d.i.Database [JavaFX Application Thread] Get all tours
2022-05-06 17:35:06,885 DEBUG c.e.t.d.p.DatabaseImpl [JavaFX Application Thread] Execute select statement: SELECT * FROM public."tours";
2022-05-06 17:36:20,385 INFO c.e.t.d.i.Database [JavaFX Application Thread] Get all tours
2022-05-06 17:36:20,404 DEBUG c.e.t.d.p.DatabaseImpl [JavaFX Application Thread] Execute select statement: SELECT * FROM public."tours";
2022-05-06 17:42:01,110 INFO c.e.t.d.i.Database [JavaFX Application Thread] Get all tours
2022-05-06 17:42:01,124 DEBUG c.e.t.d.p.DatabaseImpl [JavaFX Application Thread] Execute select statement: SELECT * FROM public."tours";
2022-05-06 17:48:18,380 INFO c.e.t.d.i.Database [JavaFX Application Thread] Get all tours
2022-05-06 17:48:18,405 DEBUG c.e.t.d.p.DatabaseImpl [JavaFX Application Thread] Execute select statement: SELECT * FROM public."tours";
2022-05-06 17:49:13,112 INFO c.e.t.d.i.Database [JavaFX Application Thread] Delete tour 9.
2022-05-06 17:49:13,113 DEBUG c.e.t.d.p.DatabaseImpl [JavaFX Application Thread] Execute delete statement: DELETE FROM public."tours" WHERE "id" = CAST(? AS INTEGER); with parameters: [9]
2022-05-06 17:49:13,130 ERROR c.e.t.d.p.DatabaseImpl [JavaFX Application Thread] Failed to execute delete statement: DELETE FROM public."tours" WHERE "id" = CAST(? AS INTEGER); with parameters: [9]
2022-05-06 17:51:00,608 INFO c.e.t.d.i.Database [JavaFX Application Thread] Get all tours
2022-05-06 17:51:00,630 DEBUG c.e.t.d.p.DatabaseImpl [JavaFX Application Thread] Execute select statement: SELECT * FROM public."tours";
2022-05-06 17:51:11,234 INFO c.e.t.d.i.Database [JavaFX Application Thread] Delete tour 9.
2022-05-06 17:51:11,234 DEBUG c.e.t.d.p.DatabaseImpl [JavaFX Application Thread] Execute delete statement: DELETE FROM public."tours" WHERE "tourId" = CAST(? AS INTEGER); with parameters: [9]
2022-05-06 17:51:11,244 INFO c.e.t.d.i.Database [JavaFX Application Thread] Get all tours
2022-05-06 17:51:11,244 DEBUG c.e.t.d.p.DatabaseImpl [JavaFX Application Thread] Execute select statement: SELECT * FROM public."tours";
2022-05-06 17:51:20,196 INFO c.e.t.d.i.Database [JavaFX Application Thread] Delete tour 8.
2022-05-06 17:51:20,197 DEBUG c.e.t.d.p.DatabaseImpl [JavaFX Application Thread] Execute delete statement: DELETE FROM public."tours" WHERE "tourId" = CAST(? AS INTEGER); with parameters: [8]
2022-05-06 17:51:20,207 INFO c.e.t.d.i.Database [JavaFX Application Thread] Get all tours
2022-05-06 17:51:20,207 DEBUG c.e.t.d.p.DatabaseImpl [JavaFX Application Thread] Execute select statement: SELECT * FROM public."tours";
2022-05-06 17:59:29,484 INFO c.e.t.d.i.Database [JavaFX Application Thread] Get all tours
2022-05-06 17:59:29,493 DEBUG c.e.t.d.p.DatabaseImpl [JavaFX Application Thread] Execute select statement: SELECT * FROM public."tours";
2022-05-06 18:01:15,626 INFO c.e.t.d.i.Database [JavaFX Application Thread] Get all tours
2022-05-06 18:01:15,642 DEBUG c.e.t.d.p.DatabaseImpl [JavaFX Application Thread] Execute select statement: SELECT * FROM public."tours";
2022-05-06 18:03:21,398 INFO c.e.t.d.i.Database [JavaFX Application Thread] Save tour sdffs.
2022-05-06 18:03:21,400 DEBUG c.e.t.d.p.DatabaseImpl [JavaFX Application Thread] Execute insert statement: INSERT INTO public."tours" ("tourName", "tourDescription", "from", "to", "transportType", "distance", "estimatedTime") VALUES(?, ?, ?, ?, ?, CAST(? AS DECIMAL), CAST(? AS INTEGER)); with parameters: [sdffs, safsdfsfdgdsf, dsfda, sdafdsf, Nimbus 2000, 23.0, 33]
2022-05-06 18:03:21,416 INFO c.e.t.d.i.Database [JavaFX Application Thread] Get all tours
2022-05-06 18:03:21,416 DEBUG c.e.t.d.p.DatabaseImpl [JavaFX Application Thread] Execute select statement: SELECT * FROM public."tours";
2022-05-06 18:48:02,275 INFO c.e.t.d.i.Database [JavaFX Application Thread] Get all tours
2022-05-06 18:48:02,289 DEBUG c.e.t.d.p.DatabaseImpl [JavaFX Application Thread] Execute select statement: SELECT * FROM public."tours";
2022-05-06 18:49:24,083 INFO c.e.t.Main [main] In function doSomething....
2022-05-06 18:49:24,085 DEBUG c.e.t.Main [main] In function doSomething....DEBUG
2022-05-06 18:50:46,514 INFO c.e.t.d.i.Database [JavaFX Application Thread] Get all tours
2022-05-06 18:50:46,528 DEBUG c.e.t.d.p.DatabaseImpl [JavaFX Application Thread] Execute select statement: SELECT * FROM public."tours";
2022-05-06 18:52:19,613 INFO c.e.t.d.i.Database [JavaFX Application Thread] Get all tours
2022-05-06 18:52:19,626 DEBUG c.e.t.d.p.DatabaseImpl [JavaFX Application Thread] Execute select statement: SELECT * FROM public."tours";
2022-05-06 18:53:50,019 INFO c.e.t.d.i.Database [JavaFX Application Thread] Update tour Tour 2.
2022-05-06 18:53:50,022 DEBUG c.e.t.d.p.DatabaseImpl [JavaFX Application Thread] Execute update statement: UPDATE public."tours" SET "tourName" = ?, "tourDescription" = ?, "from" = ?, "to" = ?, "transportType" = ?, "distance" = CAST(? AS DECIMAL), "estimatedTime" = CAST(? AS INTEGER) WHERE "id" = CAST(? AS INTEGER); with parameters: [Tour 2, LKW fährt tour nach Budapest, Vienna, Bratislava, Ride, 23.0, 33, 2]
2022-05-06 18:53:50,042 ERROR c.e.t.d.p.DatabaseImpl [JavaFX Application Thread] Failed to execute update statement: UPDATE public."tours" SET "tourName" = ?, "tourDescription" = ?, "from" = ?, "to" = ?, "transportType" = ?, "distance" = CAST(? AS DECIMAL), "estimatedTime" = CAST(? AS INTEGER) WHERE "id" = CAST(? AS INTEGER); with parameters: [Tour 2, LKW fährt tour nach Budapest, Vienna, Bratislava, Ride, 23.0, 33, 2]
2022-05-06 18:55:23,674 INFO c.e.t.d.i.Database [JavaFX Application Thread] Get all tours
2022-05-06 18:55:23,693 DEBUG c.e.t.d.p.DatabaseImpl [JavaFX Application Thread] Execute select statement: SELECT * FROM public."tours";
2022-05-06 18:55:37,237 INFO c.e.t.d.i.Database [JavaFX Application Thread] Update tour Tour 1.
2022-05-06 18:55:37,240 DEBUG c.e.t.d.p.DatabaseImpl [JavaFX Application Thread] Execute update statement: UPDATE public."tours" SET "tourName" = ?, "tourDescription" = ?, "from" = ?, "to" = ?, "transportType" = ?, "distance" = CAST(? AS DECIMAL), "estimatedTime" = CAST(? AS INTEGER) WHERE "tourId" = CAST(? AS INTEGER); with parameters: [Tour 1, Tour is fad, Vienna, Lagos, Bike, 23.0, 33, 1]
2022-05-06 18:56:45,659 INFO c.e.t.d.i.Database [JavaFX Application Thread] Update tour Wen.
2022-05-06 18:56:45,659 DEBUG c.e.t.d.p.DatabaseImpl [JavaFX Application Thread] Execute update statement: UPDATE public."tours" SET "tourName" = ?, "tourDescription" = ?, "from" = ?, "to" = ?, "transportType" = ?, "distance" = CAST(? AS DECIMAL), "estimatedTime" = CAST(? AS INTEGER) WHERE "tourId" = CAST(? AS INTEGER); with parameters: [Wen, hallo, adsjkda, adfsg, Dirt Bike, 23.0, 33, 3]
2022-05-06 19:00:52,458 INFO c.e.t.d.i.Database [JavaFX Application Thread] Get all tours
2022-05-06 19:00:52,474 DEBUG c.e.t.d.p.DatabaseImpl [JavaFX Application Thread] Execute select statement: SELECT * FROM public."tours";
2022-05-06 19:01:10,749 INFO c.e.t.d.i.Database [JavaFX Application Thread] Update tour Wen.
2022-05-06 19:01:10,749 DEBUG c.e.t.d.p.DatabaseImpl [JavaFX Application Thread] Execute update statement: UPDATE public."tours" SET "tourName" = ?, "tourDescription" = ?, "from" = ?, "to" = ?, "transportType" = ?, "distance" = CAST(? AS DECIMAL), "estimatedTime" = CAST(? AS INTEGER) WHERE "tourId" = CAST(? AS INTEGER); with parameters: [Wen, hallo wien, adsjkda, adfsg, Dirt Bike, 23.0, 33, 3]
2022-05-06 19:01:10,762 INFO c.e.t.d.i.Database [JavaFX Application Thread] Get all tours
2022-05-06 19:01:10,762 DEBUG c.e.t.d.p.DatabaseImpl [JavaFX Application Thread] Execute select statement: SELECT * FROM public."tours";
2022-05-06 19:02:59,438 INFO c.e.t.d.i.Database [JavaFX Application Thread] Get all tours
2022-05-06 19:02:59,506 DEBUG c.e.t.d.p.DatabaseImpl [JavaFX Application Thread] Execute select statement: SELECT * FROM public."tours";
2022-05-06 19:03:17,217 INFO c.e.t.d.i.Database [JavaFX Application Thread] Update tour Tour 2.
2022-05-06 19:03:17,219 DEBUG c.e.t.d.p.DatabaseImpl [JavaFX Application Thread] Execute update statement: UPDATE public."tours" SET "tourName" = ?, "tourDescription" = ?, "from" = ?, "to" = ?, "transportType" = ?, "distance" = CAST(? AS DECIMAL), "estimatedTime" = CAST(? AS INTEGER) WHERE "tourId" = CAST(? AS INTEGER); with parameters: [Tour 2, LKW fährt tour nach Bratislava, Vienna, Bratislava, Ride, 23.0, 33, 2]
2022-05-06 19:03:17,270 INFO c.e.t.d.i.Database [JavaFX Application Thread] Get all tours
2022-05-06 19:03:17,271 DEBUG c.e.t.d.p.DatabaseImpl [JavaFX Application Thread] Execute select statement: SELECT * FROM public."tours";
2022-05-06 19:10:46,238 INFO c.e.t.d.i.Database [JavaFX Application Thread] Get all tours
2022-05-06 19:10:46,263 DEBUG c.e.t.d.p.DatabaseImpl [JavaFX Application Thread] Execute select statement: SELECT * FROM public."tours";
2022-05-06 19:11:19,652 INFO c.e.t.d.i.Database [JavaFX Application Thread] Update tour Tour 2.
2022-05-06 19:11:19,655 DEBUG c.e.t.d.p.DatabaseImpl [JavaFX Application Thread] Execute update statement: UPDATE public."tours" SET "tourName" = ?, "tourDescription" = ?, "from" = ?, "to" = ?, "transportType" = ?, "distance" = CAST(? AS DECIMAL), "estimatedTime" = CAST(? AS INTEGER) WHERE "tourId" = CAST(? AS INTEGER); with parameters: [Tour 2, bus fährt tour nach Bratislava, Vienna, Bratislava, Ride, 23.0, 33, 2]
2022-05-06 19:11:19,702 INFO c.e.t.d.i.Database [JavaFX Application Thread] Get all tours
2022-05-06 19:11:19,703 DEBUG c.e.t.d.p.DatabaseImpl [JavaFX Application Thread] Execute select statement: SELECT * FROM public."tours";
2022-05-06 19:33:29,601 INFO c.e.t.d.i.Database [JavaFX Application Thread] Get all tours
2022-05-06 19:33:29,616 DEBUG c.e.t.d.p.DatabaseImpl [JavaFX Application Thread] Execute select statement: SELECT * FROM public."tours";
2022-05-06 19:33:42,220 INFO c.e.t.d.i.Database [JavaFX Application Thread] Update tour Tour 2.
2022-05-06 19:33:42,222 DEBUG c.e.t.d.p.DatabaseImpl [JavaFX Application Thread] Execute update statement: UPDATE public."tours" SET "tourName" = ?, "tourDescription" = ?, "from" = ?, "to" = ?, "transportType" = ?, "distance" = CAST(? AS DECIMAL), "estimatedTime" = CAST(? AS INTEGER) WHERE "tourId" = CAST(? AS INTEGER); with parameters: [Tour 2, Zug fährt tour nach Bratislava, Vienna, Bratislava, Ride, 23.0, 33, 2]
2022-05-06 19:33:42,248 INFO c.e.t.d.i.Database [JavaFX Application Thread] Get all tours
2022-05-06 19:33:42,248 DEBUG c.e.t.d.p.DatabaseImpl [JavaFX Application Thread] Execute select statement: SELECT * FROM public."tours";
2022-05-07 01:54:55,030 INFO c.e.t.d.i.Database [JavaFX Application Thread] Get all tours
2022-05-07 01:54:55,039 DEBUG c.e.t.d.p.DatabaseImpl [JavaFX Application Thread] Execute select statement: SELECT * FROM public."tours";
2022-05-07 01:55:12,264 INFO c.e.t.d.i.Database [JavaFX Application Thread] Delete tour 2.
2022-05-07 01:55:12,265 DEBUG c.e.t.d.p.DatabaseImpl [JavaFX Application Thread] Execute delete statement: DELETE FROM public."tours" WHERE "tourId" = CAST(? AS INTEGER); with parameters: [2]
2022-05-07 01:55:12,290 INFO c.e.t.d.i.Database [JavaFX Application Thread] Get all tours
2022-05-07 01:55:12,290 DEBUG c.e.t.d.p.DatabaseImpl [JavaFX Application Thread] Execute select statement: SELECT * FROM public."tours";
2022-05-07 02:53:53,839 INFO c.e.t.d.i.Database [JavaFX Application Thread] Get all tours
2022-05-07 02:53:53,845 DEBUG c.e.t.d.p.DatabaseImpl [JavaFX Application Thread] Execute select statement: SELECT * FROM public."tours";
2022-05-07 02:53:59,068 INFO c.e.t.d.i.Database [JavaFX Application Thread] Searching for tours: t
2022-05-07 02:53:59,829 INFO c.e.t.d.i.Database [JavaFX Application Thread] Searching for tours: te
2022-05-07 02:54:00,677 INFO c.e.t.d.i.Database [JavaFX Application Thread] Searching for tours: tes
2022-05-07 02:54:01,198 INFO c.e.t.d.i.Database [JavaFX Application Thread] Searching for tours: test
2022-05-07 02:54:18,428 INFO c.e.t.d.i.Database [JavaFX Application Thread] Searching for tours: tes
2022-05-07 02:54:18,649 INFO c.e.t.d.i.Database [JavaFX Application Thread] Searching for tours: te
2022-05-07 02:54:18,834 INFO c.e.t.d.i.Database [JavaFX Application Thread] Searching for tours: t
2022-05-07 02:54:19,046 INFO c.e.t.d.i.Database [JavaFX Application Thread] Searching for tours: 
2022-05-07 02:54:20,318 INFO c.e.t.d.i.Database [JavaFX Application Thread] Searching for tours: s
2022-05-07 02:54:24,277 INFO c.e.t.d.i.Database [JavaFX Application Thread] Searching for tours: 
2022-05-07 02:54:25,011 INFO c.e.t.d.i.Database [JavaFX Application Thread] Searching for tours: s
2022-05-07 02:54:25,838 INFO c.e.t.d.i.Database [JavaFX Application Thread] Searching for tours: sa
2022-05-07 02:54:26,756 INFO c.e.t.d.i.Database [JavaFX Application Thread] Searching for tours: saf
2022-05-07 02:56:04,108 INFO c.e.t.d.i.Database [JavaFX Application Thread] Searching for tours: sa
2022-05-07 02:56:04,384 INFO c.e.t.d.i.Database [JavaFX Application Thread] Searching for tours: s
2022-05-07 02:56:04,565 INFO c.e.t.d.i.Database [JavaFX Application Thread] Searching for tours: 
2022-05-07 02:56:05,338 INFO c.e.t.d.i.Database [JavaFX Application Thread] Searching for tours: B
2022-05-07 02:56:06,879 INFO c.e.t.d.i.Database [JavaFX Application Thread] Searching for tours: Br
2022-05-07 02:56:07,598 INFO c.e.t.d.i.Database [JavaFX Application Thread] Searching for tours: Bra
2022-05-07 02:56:08,941 INFO c.e.t.d.i.Database [JavaFX Application Thread] Searching for tours: Brat
2022-05-07 02:56:09,573 INFO c.e.t.d.i.Database [JavaFX Application Thread] Searching for tours: Brato
2022-05-07 02:56:09,839 INFO c.e.t.d.i.Database [JavaFX Application Thread] Searching for tours: Bratos
2022-05-07 02:56:10,233 INFO c.e.t.d.i.Database [JavaFX Application Thread] Searching for tours: Brato
2022-05-07 02:56:10,426 INFO c.e.t.d.i.Database [JavaFX Application Thread] Searching for tours: Brat
2022-05-07 02:56:11,165 INFO c.e.t.d.i.Database [JavaFX Application Thread] Searching for tours: Brati
2022-05-07 02:56:11,344 INFO c.e.t.d.i.Database [JavaFX Application Thread] Searching for tours: Bratis
2022-05-07 02:56:11,562 INFO c.e.t.d.i.Database [JavaFX Application Thread] Searching for tours: Bratisl
2022-05-07 02:56:12,141 INFO c.e.t.d.i.Database [JavaFX Application Thread] Searching for tours: Bratisla
2022-05-07 02:56:12,425 INFO c.e.t.d.i.Database [JavaFX Application Thread] Searching for tours: Bratislav
2022-05-07 02:56:12,672 INFO c.e.t.d.i.Database [JavaFX Application Thread] Searching for tours: Bratislava
2022-05-07 03:00:28,542 INFO c.e.t.d.i.Database [JavaFX Application Thread] Get all tours
2022-05-07 03:00:28,547 DEBUG c.e.t.d.p.DatabaseImpl [JavaFX Application Thread] Execute select statement: SELECT * FROM public."tours";
2022-05-07 03:00:32,031 INFO c.e.t.d.i.Database [JavaFX Application Thread] Searching for tours: f
2022-05-07 03:00:32,678 INFO c.e.t.d.i.Database [JavaFX Application Thread] Searching for tours: fr
2022-05-07 03:00:33,265 INFO c.e.t.d.i.Database [JavaFX Application Thread] Searching for tours: frt
2022-05-07 03:00:34,376 INFO c.e.t.d.i.Database [JavaFX Application Thread] Searching for tours: fr
2022-05-07 03:00:42,281 INFO c.e.t.d.i.Database [JavaFX Application Thread] Searching for tours: f
2022-05-07 03:00:42,527 INFO c.e.t.d.i.Database [JavaFX Application Thread] Searching for tours: 
2022-05-07 03:00:48,454 INFO c.e.t.d.i.Database [JavaFX Application Thread] Searching for tours: s
2022-05-07 03:00:48,987 INFO c.e.t.d.i.Database [JavaFX Application Thread] Searching for tours: sa
2022-05-07 03:00:50,171 INFO c.e.t.d.i.Database [JavaFX Application Thread] Searching for tours: saf
2022-05-07 03:07:12,653 INFO c.e.t.d.i.Database [JavaFX Application Thread] Get all tours
2022-05-07 03:07:12,659 DEBUG c.e.t.d.p.DatabaseImpl [JavaFX Application Thread] Execute select statement: SELECT * FROM public."tours";
2022-05-07 03:07:29,892 INFO c.e.t.d.i.Database [JavaFX Application Thread] Update tour Wen.
2022-05-07 03:07:29,892 DEBUG c.e.t.d.p.DatabaseImpl [JavaFX Application Thread] Execute update statement: UPDATE public."tours" SET "tourName" = ?, "tourDescription" = ?, "from" = ?, "to" = ?, "transportType" = ?, "distance" = CAST(? AS DECIMAL), "estimatedTime" = CAST(? AS INTEGER) WHERE "tourId" = CAST(? AS INTEGER); with parameters: [Wen, hallo luxemburger, adsjkda, adfsg, Dirt Bike, 23.0, 33, 3]
2022-05-07 03:07:29,917 INFO c.e.t.d.i.Database [JavaFX Application Thread] Get all tours
2022-05-07 03:07:29,917 DEBUG c.e.t.d.p.DatabaseImpl [JavaFX Application Thread] Execute select statement: SELECT * FROM public."tours";
2022-05-07 03:07:29,930 INFO c.e.t.d.i.Database [JavaFX Application Thread] Get tour with id 0.
2022-05-07 03:07:29,930 DEBUG c.e.t.d.p.DatabaseImpl [JavaFX Application Thread] Execute select statement: SELECT * FROM public."tours" WHERE "tourId" = CAST(? AS INTEGER); with parameters: [0]
2022-05-07 03:10:01,968 INFO c.e.t.d.i.Database [JavaFX Application Thread] Update tour test.
2022-05-07 03:10:01,969 DEBUG c.e.t.d.p.DatabaseImpl [JavaFX Application Thread] Execute update statement: UPDATE public."tours" SET "tourName" = ?, "tourDescription" = ?, "from" = ?, "to" = ?, "transportType" = ?, "distance" = CAST(? AS DECIMAL), "estimatedTime" = CAST(? AS INTEGER) WHERE "tourId" = CAST(? AS INTEGER); with parameters: [test, dies ist kein test, test, test, Sail, 23.0, 33, 4]
2022-05-07 03:10:01,984 INFO c.e.t.d.i.Database [JavaFX Application Thread] Get all tours
2022-05-07 03:10:01,984 DEBUG c.e.t.d.p.DatabaseImpl [JavaFX Application Thread] Execute select statement: SELECT * FROM public."tours";
2022-05-07 03:10:01,997 INFO c.e.t.d.i.Database [JavaFX Application Thread] Get tour with id 0.
2022-05-07 03:10:01,997 DEBUG c.e.t.d.p.DatabaseImpl [JavaFX Application Thread] Execute select statement: SELECT * FROM public."tours" WHERE "tourId" = CAST(? AS INTEGER); with parameters: [0]
2022-05-07 03:10:42,033 INFO c.e.t.Main [main] In function doSomething....
2022-05-07 03:10:42,034 DEBUG c.e.t.Main [main] In function doSomething....DEBUG
2022-05-07 03:12:54,397 INFO c.e.t.d.i.Database [JavaFX Application Thread] Get all tours
2022-05-07 03:12:54,405 DEBUG c.e.t.d.p.DatabaseImpl [JavaFX Application Thread] Execute select statement: SELECT * FROM public."tours";
2022-05-07 03:13:06,224 INFO c.e.t.d.i.Database [JavaFX Application Thread] Update tour test.
2022-05-07 03:13:06,225 DEBUG c.e.t.d.p.DatabaseImpl [JavaFX Application Thread] Execute update statement: UPDATE public."tours" SET "tourName" = ?, "tourDescription" = ?, "from" = ?, "to" = ?, "transportType" = ?, "distance" = CAST(? AS DECIMAL), "estimatedTime" = CAST(? AS INTEGER) WHERE "tourId" = CAST(? AS INTEGER); with parameters: [test, dies ist kein test lol, test, test, Sail, 23.0, 33, 4]
2022-05-07 03:13:06,240 INFO c.e.t.d.i.Database [JavaFX Application Thread] Get all tours
2022-05-07 03:13:06,240 DEBUG c.e.t.d.p.DatabaseImpl [JavaFX Application Thread] Execute select statement: SELECT * FROM public."tours";
2022-05-07 03:13:06,253 INFO c.e.t.d.i.Database [JavaFX Application Thread] Get tour with id -1.
2022-05-07 03:13:06,253 DEBUG c.e.t.d.p.DatabaseImpl [JavaFX Application Thread] Execute select statement: SELECT * FROM public."tours" WHERE "tourId" = CAST(? AS INTEGER); with parameters: [-1]
2022-05-07 03:17:50,629 INFO c.e.t.d.i.Database [JavaFX Application Thread] Update tour test.
2022-05-07 03:17:50,629 DEBUG c.e.t.d.p.DatabaseImpl [JavaFX Application Thread] Execute update statement: UPDATE public."tours" SET "tourName" = ?, "tourDescription" = ?, "from" = ?, "to" = ?, "transportType" = ?, "distance" = CAST(? AS DECIMAL), "estimatedTime" = CAST(? AS INTEGER) WHERE "tourId" = CAST(? AS INTEGER); with parameters: [test, dies ist kein test lump, test, test, Sail, 23.0, 33, 4]
2022-05-07 03:17:50,646 INFO c.e.t.d.i.Database [JavaFX Application Thread] Get all tours
2022-05-07 03:17:50,646 DEBUG c.e.t.d.p.DatabaseImpl [JavaFX Application Thread] Execute select statement: SELECT * FROM public."tours";
2022-05-07 03:17:50,658 INFO c.e.t.d.i.Database [JavaFX Application Thread] Get tour with id -1.
2022-05-07 03:17:50,659 DEBUG c.e.t.d.p.DatabaseImpl [JavaFX Application Thread] Execute select statement: SELECT * FROM public."tours" WHERE "tourId" = CAST(? AS INTEGER); with parameters: [-1]
2022-05-07 03:18:17,049 INFO c.e.t.Main [main] In function doSomething....
2022-05-07 03:18:17,049 DEBUG c.e.t.Main [main] In function doSomething....DEBUG
2022-05-07 03:29:54,820 INFO c.e.t.d.i.Database [JavaFX Application Thread] Get all tours
2022-05-07 03:29:54,825 DEBUG c.e.t.d.p.DatabaseImpl [JavaFX Application Thread] Execute select statement: SELECT * FROM public."tours";
2022-05-07 03:30:06,513 INFO c.e.t.d.i.Database [JavaFX Application Thread] Update tour test.
2022-05-07 03:30:06,513 DEBUG c.e.t.d.p.DatabaseImpl [JavaFX Application Thread] Execute update statement: UPDATE public."tours" SET "tourName" = ?, "tourDescription" = ?, "from" = ?, "to" = ?, "transportType" = ?, "distance" = CAST(? AS DECIMAL), "estimatedTime" = CAST(? AS INTEGER) WHERE "tourId" = CAST(? AS INTEGER); with parameters: [test, dies ist kein test klump, test, test, Sail, 23.0, 33, 4]
2022-05-07 03:30:06,529 INFO c.e.t.d.i.Database [JavaFX Application Thread] Get all tours
2022-05-07 03:30:06,529 DEBUG c.e.t.d.p.DatabaseImpl [JavaFX Application Thread] Execute select statement: SELECT * FROM public."tours";
2022-05-07 03:30:06,548 INFO c.e.t.d.i.Database [JavaFX Application Thread] Get tour with id 0.
2022-05-07 03:30:06,549 DEBUG c.e.t.d.p.DatabaseImpl [JavaFX Application Thread] Execute select statement: SELECT * FROM public."tours" WHERE "tourId" = CAST(? AS INTEGER); with parameters: [0]
2022-05-07 03:32:01,479 INFO c.e.t.d.i.Database [JavaFX Application Thread] Filtering tours: r
2022-05-07 03:32:17,176 INFO c.e.t.d.i.Database [JavaFX Application Thread] Filtering tours: 
2022-05-07 03:32:19,748 INFO c.e.t.d.i.Database [JavaFX Application Thread] Filtering tours: T
2022-05-07 03:32:21,088 INFO c.e.t.d.i.Database [JavaFX Application Thread] Filtering tours: To
2022-05-07 03:32:21,440 INFO c.e.t.d.i.Database [JavaFX Application Thread] Filtering tours: Tou
2022-05-07 03:32:21,901 INFO c.e.t.d.i.Database [JavaFX Application Thread] Filtering tours: Tour
2022-05-07 03:32:22,898 INFO c.e.t.d.i.Database [JavaFX Application Thread] Filtering tours: Tour1
2022-05-07 03:32:24,218 INFO c.e.t.d.i.Database [JavaFX Application Thread] Filtering tours: Tour
2022-05-07 03:32:41,043 INFO c.e.t.d.i.Database [JavaFX Application Thread] Update tour Tour 1.
2022-05-07 03:32:41,043 DEBUG c.e.t.d.p.DatabaseImpl [JavaFX Application Thread] Execute update statement: UPDATE public."tours" SET "tourName" = ?, "tourDescription" = ?, "from" = ?, "to" = ?, "transportType" = ?, "distance" = CAST(? AS DECIMAL), "estimatedTime" = CAST(? AS INTEGER) WHERE "tourId" = CAST(? AS INTEGER); with parameters: [Tour 1, Wour is fad, Vienna, Lagos, Bike, 23.0, 33, 1]
2022-05-07 03:32:41,059 INFO c.e.t.d.i.Database [JavaFX Application Thread] Get all tours
2022-05-07 03:32:41,059 DEBUG c.e.t.d.p.DatabaseImpl [JavaFX Application Thread] Execute select statement: SELECT * FROM public."tours";
2022-05-07 03:32:41,071 INFO c.e.t.d.i.Database [JavaFX Application Thread] Get tour with id 0.
2022-05-07 03:32:41,071 DEBUG c.e.t.d.p.DatabaseImpl [JavaFX Application Thread] Execute select statement: SELECT * FROM public."tours" WHERE "tourId" = CAST(? AS INTEGER); with parameters: [0]
2022-05-07 03:34:45,066 INFO c.e.t.d.i.Database [JavaFX Application Thread] Get all tours
2022-05-07 03:34:45,074 DEBUG c.e.t.d.p.DatabaseImpl [JavaFX Application Thread] Execute select statement: SELECT * FROM public."tours";
2022-05-07 03:34:57,378 INFO c.e.t.d.i.Database [JavaFX Application Thread] Update tour test.
2022-05-07 03:34:57,378 DEBUG c.e.t.d.p.DatabaseImpl [JavaFX Application Thread] Execute update statement: UPDATE public."tours" SET "tourName" = ?, "tourDescription" = ?, "from" = ?, "to" = ?, "transportType" = ?, "distance" = CAST(? AS DECIMAL), "estimatedTime" = CAST(? AS INTEGER) WHERE "tourId" = CAST(? AS INTEGER); with parameters: [test, Sowie dies ist kein test klump, test, test, Sail, 23.0, 33, 4]
2022-05-07 03:34:57,395 INFO c.e.t.d.i.Database [JavaFX Application Thread] Get all tours
2022-05-07 03:34:57,396 DEBUG c.e.t.d.p.DatabaseImpl [JavaFX Application Thread] Execute select statement: SELECT * FROM public."tours";
2022-05-07 03:34:57,409 INFO c.e.t.d.i.Database [JavaFX Application Thread] Get tour with id 0.
2022-05-07 03:34:57,409 DEBUG c.e.t.d.p.DatabaseImpl [JavaFX Application Thread] Execute select statement: SELECT * FROM public."tours" WHERE "tourId" = CAST(? AS INTEGER); with parameters: [0]
2022-05-07 03:35:50,693 INFO c.e.t.d.i.Database [JavaFX Application Thread] Get all tours
2022-05-07 03:35:50,698 DEBUG c.e.t.d.p.DatabaseImpl [JavaFX Application Thread] Execute select statement: SELECT * FROM public."tours";
2022-05-07 03:36:11,824 INFO c.e.t.d.i.Database [JavaFX Application Thread] Update tour test.
2022-05-07 03:36:11,825 DEBUG c.e.t.d.p.DatabaseImpl [JavaFX Application Thread] Execute update statement: UPDATE public."tours" SET "tourName" = ?, "tourDescription" = ?, "from" = ?, "to" = ?, "transportType" = ?, "distance" = CAST(? AS DECIMAL), "estimatedTime" = CAST(? AS INTEGER) WHERE "tourId" = CAST(? AS INTEGER); with parameters: [test, Dafaq Sowie dies ist kein test klump, test, test, Sail, 23.0, 33, 4]
2022-05-07 03:36:11,843 INFO c.e.t.d.i.Database [JavaFX Application Thread] Get all tours
2022-05-07 03:36:11,843 DEBUG c.e.t.d.p.DatabaseImpl [JavaFX Application Thread] Execute select statement: SELECT * FROM public."tours";
2022-05-07 03:36:11,856 INFO c.e.t.d.i.Database [JavaFX Application Thread] Get tour with id 0.
2022-05-07 03:36:11,856 DEBUG c.e.t.d.p.DatabaseImpl [JavaFX Application Thread] Execute select statement: SELECT * FROM public."tours" WHERE "tourId" = CAST(? AS INTEGER); with parameters: [0]
2022-05-07 03:36:33,163 INFO c.e.t.d.i.Database [JavaFX Application Thread] Filtering tours: D
2022-05-07 03:36:33,570 INFO c.e.t.d.i.Database [JavaFX Application Thread] Filtering tours: Da
2022-05-07 03:36:53,134 INFO c.e.t.d.i.Database [JavaFX Application Thread] Filtering tours: D
2022-05-07 03:36:54,078 INFO c.e.t.d.i.Database [JavaFX Application Thread] Filtering tours: Di
2022-05-07 03:36:54,394 INFO c.e.t.d.i.Database [JavaFX Application Thread] Filtering tours: Dir
2022-05-07 03:36:54,753 INFO c.e.t.d.i.Database [JavaFX Application Thread] Filtering tours: Dirt
2022-05-07 03:37:01,503 INFO c.e.t.d.i.Database [JavaFX Application Thread] Filtering tours: Dir
2022-05-07 03:37:01,792 INFO c.e.t.d.i.Database [JavaFX Application Thread] Filtering tours: Di
2022-05-07 03:37:02,507 INFO c.e.t.d.i.Database [JavaFX Application Thread] Filtering tours: D
2022-05-07 03:37:25,703 INFO c.e.t.d.i.Database [JavaFX Application Thread] Filtering tours: 
2022-05-07 03:37:26,524 INFO c.e.t.d.i.Database [JavaFX Application Thread] Filtering tours: N
2022-05-07 03:37:26,860 INFO c.e.t.d.i.Database [JavaFX Application Thread] Filtering tours: Ni
2022-05-07 03:37:27,438 INFO c.e.t.d.i.Database [JavaFX Application Thread] Filtering tours: Ni,
2022-05-07 03:37:28,153 INFO c.e.t.d.i.Database [JavaFX Application Thread] Filtering tours: Ni
2022-05-07 03:37:28,478 INFO c.e.t.d.i.Database [JavaFX Application Thread] Filtering tours: Nim
2022-05-07 03:37:28,815 INFO c.e.t.d.i.Database [JavaFX Application Thread] Filtering tours: Nimb
2022-05-07 03:37:29,136 INFO c.e.t.d.i.Database [JavaFX Application Thread] Filtering tours: Nimbu
2022-05-07 03:37:29,524 INFO c.e.t.d.i.Database [JavaFX Application Thread] Filtering tours: Nimbus
2022-05-07 03:41:12,701 INFO c.e.t.d.i.Database [JavaFX Application Thread] Get all tours
2022-05-07 03:41:12,707 DEBUG c.e.t.d.p.DatabaseImpl [JavaFX Application Thread] Execute select statement: SELECT * FROM public."tours";
2022-05-07 03:41:20,765 INFO c.e.t.d.i.Database [JavaFX Application Thread] Filtering tours: D
2022-05-07 03:41:21,240 INFO c.e.t.d.i.Database [JavaFX Application Thread] Filtering tours: Di
2022-05-07 03:41:21,428 INFO c.e.t.d.i.Database [JavaFX Application Thread] Filtering tours: Dir
2022-05-07 03:41:21,686 INFO c.e.t.d.i.Database [JavaFX Application Thread] Filtering tours: Dirt
2022-05-07 03:41:52,318 INFO c.e.t.d.i.Database [JavaFX Application Thread] Get all tours
2022-05-07 03:41:52,324 DEBUG c.e.t.d.p.DatabaseImpl [JavaFX Application Thread] Execute select statement: SELECT * FROM public."tours";
2022-05-07 03:42:06,650 INFO c.e.t.d.i.Database [JavaFX Application Thread] Update tour test.
2022-05-07 03:42:06,651 DEBUG c.e.t.d.p.DatabaseImpl [JavaFX Application Thread] Execute update statement: UPDATE public."tours" SET "tourName" = ?, "tourDescription" = ?, "from" = ?, "to" = ?, "transportType" = ?, "distance" = CAST(? AS DECIMAL), "estimatedTime" = CAST(? AS INTEGER) WHERE "tourId" = CAST(? AS INTEGER); with parameters: [test, Sowie dies ist kein test klump, test, test, Sail, 23.0, 33, 4]
2022-05-07 03:42:06,668 INFO c.e.t.d.i.Database [JavaFX Application Thread] Get all tours
2022-05-07 03:42:06,668 DEBUG c.e.t.d.p.DatabaseImpl [JavaFX Application Thread] Execute select statement: SELECT * FROM public."tours";
2022-05-07 03:42:29,589 INFO c.e.t.d.i.Database [JavaFX Application Thread] Delete tour 5.
2022-05-07 03:42:29,590 DEBUG c.e.t.d.p.DatabaseImpl [JavaFX Application Thread] Execute delete statement: DELETE FROM public."tours" WHERE "tourId" = CAST(? AS INTEGER); with parameters: [5]
2022-05-07 03:42:29,606 INFO c.e.t.d.i.Database [JavaFX Application Thread] Get all tours
2022-05-07 03:42:29,607 DEBUG c.e.t.d.p.DatabaseImpl [JavaFX Application Thread] Execute select statement: SELECT * FROM public."tours";
2022-05-07 03:44:45,367 INFO c.e.t.d.i.Database [JavaFX Application Thread] Get all tours
2022-05-07 03:44:45,374 DEBUG c.e.t.d.p.DatabaseImpl [JavaFX Application Thread] Execute select statement: SELECT * FROM public."tours";
2022-05-07 03:44:58,304 INFO c.e.t.d.i.Database [JavaFX Application Thread] Update tour Tour 1.
2022-05-07 03:44:58,304 DEBUG c.e.t.d.p.DatabaseImpl [JavaFX Application Thread] Execute update statement: UPDATE public."tours" SET "tourName" = ?, "tourDescription" = ?, "from" = ?, "to" = ?, "transportType" = ?, "distance" = CAST(? AS DECIMAL), "estimatedTime" = CAST(? AS INTEGER) WHERE "tourId" = CAST(? AS INTEGER); with parameters: [Tour 1, Wour is fadop, Vienna, Lagos, Bike, 23.0, 33, 1]
2022-05-07 03:44:58,319 INFO c.e.t.d.i.Database [JavaFX Application Thread] Get all tours
2022-05-07 03:44:58,319 DEBUG c.e.t.d.p.DatabaseImpl [JavaFX Application Thread] Execute select statement: SELECT * FROM public."tours";
2022-05-07 03:45:25,161 INFO c.e.t.d.i.Database [JavaFX Application Thread] Get tour with id 0.
2022-05-07 03:45:25,163 DEBUG c.e.t.d.p.DatabaseImpl [JavaFX Application Thread] Execute select statement: SELECT * FROM public."tours" WHERE "tourId" = CAST(? AS INTEGER); with parameters: [0]
2022-05-07 03:45:38,697 INFO c.e.t.d.i.Database [JavaFX Application Thread] Get all tours
2022-05-07 03:45:38,704 DEBUG c.e.t.d.p.DatabaseImpl [JavaFX Application Thread] Execute select statement: SELECT * FROM public."tours";
2022-05-07 03:45:49,588 INFO c.e.t.d.i.Database [JavaFX Application Thread] Update tour Tour 1.
2022-05-07 03:45:49,589 DEBUG c.e.t.d.p.DatabaseImpl [JavaFX Application Thread] Execute update statement: UPDATE public."tours" SET "tourName" = ?, "tourDescription" = ?, "from" = ?, "to" = ?, "transportType" = ?, "distance" = CAST(? AS DECIMAL), "estimatedTime" = CAST(? AS INTEGER) WHERE "tourId" = CAST(? AS INTEGER); with parameters: [Tour 1, QWWour is fadop, Vienna, Lagos, Bike, 23.0, 33, 1]
2022-05-07 03:45:49,608 INFO c.e.t.d.i.Database [JavaFX Application Thread] Get all tours
2022-05-07 03:45:49,609 DEBUG c.e.t.d.p.DatabaseImpl [JavaFX Application Thread] Execute select statement: SELECT * FROM public."tours";
2022-05-07 03:46:05,759 INFO c.e.t.d.i.Database [JavaFX Application Thread] Get tour with id 0.
2022-05-07 03:46:05,761 DEBUG c.e.t.d.p.DatabaseImpl [JavaFX Application Thread] Execute select statement: SELECT * FROM public."tours" WHERE "tourId" = CAST(? AS INTEGER); with parameters: [0]
2022-05-07 03:46:25,789 INFO c.e.t.d.i.Database [JavaFX Application Thread] Get all tours
2022-05-07 03:46:25,797 DEBUG c.e.t.d.p.DatabaseImpl [JavaFX Application Thread] Execute select statement: SELECT * FROM public."tours";
2022-05-07 03:46:37,620 INFO c.e.t.d.i.Database [JavaFX Application Thread] Update tour sdffs.
2022-05-07 03:46:37,620 DEBUG c.e.t.d.p.DatabaseImpl [JavaFX Application Thread] Execute update statement: UPDATE public."tours" SET "tourName" = ?, "tourDescription" = ?, "from" = ?, "to" = ?, "transportType" = ?, "distance" = CAST(? AS DECIMAL), "estimatedTime" = CAST(? AS INTEGER) WHERE "tourId" = CAST(? AS INTEGER); with parameters: [sdffs, safsghfhg, dsfda, sdafdsf, Nimbus 2000, 23.0, 33, 10]
2022-05-07 03:46:37,636 INFO c.e.t.d.i.Database [JavaFX Application Thread] Get all tours
2022-05-07 03:46:37,637 DEBUG c.e.t.d.p.DatabaseImpl [JavaFX Application Thread] Execute select statement: SELECT * FROM public."tours";
2022-05-07 03:47:58,549 INFO c.e.t.d.i.Database [JavaFX Application Thread] Get tour with id 0.
2022-05-07 03:47:58,551 DEBUG c.e.t.d.p.DatabaseImpl [JavaFX Application Thread] Execute select statement: SELECT * FROM public."tours" WHERE "tourId" = CAST(? AS INTEGER); with parameters: [0]
2022-05-07 03:48:48,589 INFO c.e.t.d.i.Database [JavaFX Application Thread] Get all tours
2022-05-07 03:48:48,595 DEBUG c.e.t.d.p.DatabaseImpl [JavaFX Application Thread] Execute select statement: SELECT * FROM public."tours";
2022-05-07 03:48:59,188 INFO c.e.t.d.i.Database [JavaFX Application Thread] Update tour sdffs.
2022-05-07 03:48:59,189 DEBUG c.e.t.d.p.DatabaseImpl [JavaFX Application Thread] Execute update statement: UPDATE public."tours" SET "tourName" = ?, "tourDescription" = ?, "from" = ?, "to" = ?, "transportType" = ?, "distance" = CAST(? AS DECIMAL), "estimatedTime" = CAST(? AS INTEGER) WHERE "tourId" = CAST(? AS INTEGER); with parameters: [sdffs, safsghjgh, dsfda, sdafdsf, Nimbus 2000, 23.0, 33, 10]
2022-05-07 03:48:59,204 INFO c.e.t.d.i.Database [JavaFX Application Thread] Get all tours
2022-05-07 03:48:59,205 DEBUG c.e.t.d.p.DatabaseImpl [JavaFX Application Thread] Execute select statement: SELECT * FROM public."tours";
2022-05-07 03:48:59,218 INFO c.e.t.d.i.Database [JavaFX Application Thread] Get tour with id 0.
2022-05-07 03:48:59,219 DEBUG c.e.t.d.p.DatabaseImpl [JavaFX Application Thread] Execute select statement: SELECT * FROM public."tours" WHERE "tourId" = CAST(? AS INTEGER); with parameters: [0]
2022-05-07 03:50:03,452 INFO c.e.t.d.i.Database [JavaFX Application Thread] Get all tours
2022-05-07 03:50:03,460 DEBUG c.e.t.d.p.DatabaseImpl [JavaFX Application Thread] Execute select statement: SELECT * FROM public."tours";
2022-05-07 03:50:14,726 INFO c.e.t.d.i.Database [JavaFX Application Thread] Update tour sdffs.
2022-05-07 03:50:14,727 DEBUG c.e.t.d.p.DatabaseImpl [JavaFX Application Thread] Execute update statement: UPDATE public."tours" SET "tourName" = ?, "tourDescription" = ?, "from" = ?, "to" = ?, "transportType" = ?, "distance" = CAST(? AS DECIMAL), "estimatedTime" = CAST(? AS INTEGER) WHERE "tourId" = CAST(? AS INTEGER); with parameters: [sdffs, safsghhghh, dsfda, sdafdsf, Nimbus 2000, 23.0, 33, 10]
2022-05-07 03:50:14,742 INFO c.e.t.d.i.Database [JavaFX Application Thread] Get all tours
2022-05-07 03:50:14,743 DEBUG c.e.t.d.p.DatabaseImpl [JavaFX Application Thread] Execute select statement: SELECT * FROM public."tours";
2022-05-07 03:50:38,626 INFO c.e.t.d.i.Database [JavaFX Application Thread] Get tour with id 10.
2022-05-07 03:50:53,048 DEBUG c.e.t.d.p.DatabaseImpl [JavaFX Application Thread] Execute select statement: SELECT * FROM public."tours" WHERE "tourId" = CAST(? AS INTEGER); with parameters: [10]
2022-05-07 03:52:49,454 INFO c.e.t.d.i.Database [JavaFX Application Thread] Get all tours
2022-05-07 03:52:49,465 DEBUG c.e.t.d.p.DatabaseImpl [JavaFX Application Thread] Execute select statement: SELECT * FROM public."tours";
2022-05-07 03:53:01,958 INFO c.e.t.d.i.Database [JavaFX Application Thread] Update tour Tour 1.
2022-05-07 03:53:01,960 DEBUG c.e.t.d.p.DatabaseImpl [JavaFX Application Thread] Execute update statement: UPDATE public."tours" SET "tourName" = ?, "tourDescription" = ?, "from" = ?, "to" = ?, "transportType" = ?, "distance" = CAST(? AS DECIMAL), "estimatedTime" = CAST(? AS INTEGER) WHERE "tourId" = CAST(? AS INTEGER); with parameters: [Tour 1, Wour is fadop, Vienna, Lagos, Bike, 23.0, 33, 1]
2022-05-07 03:53:01,982 INFO c.e.t.d.i.Database [JavaFX Application Thread] Get all tours
2022-05-07 03:53:01,983 DEBUG c.e.t.d.p.DatabaseImpl [JavaFX Application Thread] Execute select statement: SELECT * FROM public."tours";
2022-05-07 03:53:01,995 INFO c.e.t.d.i.Database [JavaFX Application Thread] Get tour with id 1.
2022-05-07 03:53:01,996 DEBUG c.e.t.d.p.DatabaseImpl [JavaFX Application Thread] Execute select statement: SELECT * FROM public."tours" WHERE "tourId" = CAST(? AS INTEGER); with parameters: [1]
2022-05-07 03:53:04,818 INFO c.e.t.Main [main] In function doSomething....
2022-05-07 03:53:04,819 DEBUG c.e.t.Main [main] In function doSomething....DEBUG
2022-05-07 03:59:27,160 INFO c.e.t.d.i.Database [JavaFX Application Thread] Get all tours
2022-05-07 03:59:27,169 DEBUG c.e.t.d.p.DatabaseImpl [JavaFX Application Thread] Execute select statement: SELECT * FROM public."tours";
2022-05-07 03:59:34,105 INFO c.e.t.d.i.Database [JavaFX Application Thread] Filtering tours: a
2022-05-07 03:59:39,538 INFO c.e.t.d.i.Database [JavaFX Application Thread] Filtering tours: 
2022-05-07 03:59:43,851 INFO c.e.t.d.i.Database [JavaFX Application Thread] Filtering tours: d
2022-05-07 03:59:44,643 INFO c.e.t.d.i.Database [JavaFX Application Thread] Filtering tours: di
2022-05-07 03:59:44,925 INFO c.e.t.d.i.Database [JavaFX Application Thread] Filtering tours: dir
2022-05-07 03:59:45,176 INFO c.e.t.d.i.Database [JavaFX Application Thread] Filtering tours: dirt
2022-05-07 03:59:46,711 INFO c.e.t.d.i.Database [JavaFX Application Thread] Filtering tours: dirtb
2022-05-07 03:59:47,350 INFO c.e.t.d.i.Database [JavaFX Application Thread] Filtering tours: dirtbi
2022-05-07 03:59:48,090 INFO c.e.t.d.i.Database [JavaFX Application Thread] Filtering tours: dirtbik
2022-05-07 03:59:48,443 INFO c.e.t.d.i.Database [JavaFX Application Thread] Filtering tours: dirtbike
2022-05-07 04:00:20,462 INFO c.e.t.d.i.Database [JavaFX Application Thread] Get all tours
2022-05-07 04:00:20,468 DEBUG c.e.t.d.p.DatabaseImpl [JavaFX Application Thread] Execute select statement: SELECT * FROM public."tours";
2022-05-07 04:00:26,965 INFO c.e.t.d.i.Database [JavaFX Application Thread] Filtering tours: D
2022-05-07 04:00:27,595 INFO c.e.t.d.i.Database [JavaFX Application Thread] Filtering tours: Di
2022-05-07 04:00:28,526 INFO c.e.t.d.i.Database [JavaFX Application Thread] Filtering tours: Dir
2022-05-07 04:00:28,803 INFO c.e.t.d.i.Database [JavaFX Application Thread] Filtering tours: Dirt
2022-05-07 04:00:45,887 INFO c.e.t.Main [main] In function doSomething....
2022-05-07 04:00:45,887 DEBUG c.e.t.Main [main] In function doSomething....DEBUG
2022-05-07 04:12:28,439 INFO c.e.t.d.i.Database [JavaFX Application Thread] Get all tours
2022-05-07 04:12:28,450 DEBUG c.e.t.d.p.DatabaseImpl [JavaFX Application Thread] Execute select statement: SELECT * FROM public."tours";
2022-05-07 04:12:42,753 INFO c.e.t.d.i.Database [JavaFX Application Thread] Update tour Tour 1.
2022-05-07 04:12:42,754 DEBUG c.e.t.d.p.DatabaseImpl [JavaFX Application Thread] Execute update statement: UPDATE public."tours" SET "tourName" = ?, "tourDescription" = ?, "from" = ?, "to" = ?, "transportType" = ?, "distance" = CAST(? AS DECIMAL), "estimatedTime" = CAST(? AS INTEGER) WHERE "tourId" = CAST(? AS INTEGER); with parameters: [Tour 1, Wfour is fadop, Vienna, Lagos, Bike, 23.0, 33, 1]
2022-05-07 04:12:42,769 INFO c.e.t.d.i.Database [JavaFX Application Thread] Get all tours
2022-05-07 04:12:42,769 DEBUG c.e.t.d.p.DatabaseImpl [JavaFX Application Thread] Execute select statement: SELECT * FROM public."tours";
2022-05-07 04:12:42,782 INFO c.e.t.d.i.Database [JavaFX Application Thread] Get tour with id 1.
2022-05-07 04:12:42,783 DEBUG c.e.t.d.p.DatabaseImpl [JavaFX Application Thread] Execute select statement: SELECT * FROM public."tours" WHERE "tourId" = CAST(? AS INTEGER); with parameters: [1]
2022-05-07 04:12:47,510 INFO c.e.t.d.i.Database [JavaFX Application Thread] Delete tour 6.
2022-05-07 04:12:47,511 DEBUG c.e.t.d.p.DatabaseImpl [JavaFX Application Thread] Execute delete statement: DELETE FROM public."tours" WHERE "tourId" = CAST(? AS INTEGER); with parameters: [6]
2022-05-07 04:12:47,526 INFO c.e.t.d.i.Database [JavaFX Application Thread] Get all tours
2022-05-07 04:12:47,526 DEBUG c.e.t.d.p.DatabaseImpl [JavaFX Application Thread] Execute select statement: SELECT * FROM public."tours";
2022-05-07 04:13:41,073 INFO c.e.t.d.i.Database [JavaFX Application Thread] Save tour LondonTour.
2022-05-07 04:13:41,073 DEBUG c.e.t.d.p.DatabaseImpl [JavaFX Application Thread] Execute insert statement: INSERT INTO public."tours" ("tourName", "tourDescription", "from", "to", "transportType", "distance", "estimatedTime") VALUES(?, ?, ?, ?, ?, CAST(? AS DECIMAL), CAST(? AS INTEGER)); with parameters: [LondonTour, Tram rides are comfy, London, Coventry, Tram, 0.0, 0]
2022-05-07 04:13:41,097 INFO c.e.t.d.i.Database [JavaFX Application Thread] Get all tours
2022-05-07 04:13:41,097 DEBUG c.e.t.d.p.DatabaseImpl [JavaFX Application Thread] Execute select statement: SELECT * FROM public."tours";
2022-05-07 04:27:43,327 INFO c.e.t.d.i.Database [JavaFX Application Thread] Get all tours
2022-05-07 04:27:43,335 DEBUG c.e.t.d.p.DatabaseImpl [JavaFX Application Thread] Execute select statement: SELECT * FROM public."tours";
2022-05-07 04:27:50,032 INFO c.e.t.d.i.Database [JavaFX Application Thread] Filtering tours: d
2022-05-07 04:27:50,997 INFO c.e.t.d.i.Database [JavaFX Application Thread] Filtering tours: di
2022-05-07 04:27:51,280 INFO c.e.t.d.i.Database [JavaFX Application Thread] Filtering tours: dir
2022-05-07 04:27:51,570 INFO c.e.t.d.i.Database [JavaFX Application Thread] Filtering tours: dirt
2022-05-07 10:49:40,958 INFO c.e.t.d.i.Database [JavaFX Application Thread] Get all tours
2022-05-07 10:49:40,963 DEBUG c.e.t.d.p.DatabaseImpl [JavaFX Application Thread] Execute select statement: SELECT * FROM public."tours";
2022-05-07 10:49:41,271 ERROR c.e.t.d.p.DatabaseImpl [JavaFX Application Thread] Establishing database connection failed.
2022-05-07 10:49:41,273 ERROR c.e.t.d.p.DatabaseImpl [JavaFX Application Thread] Failed to execute select statement: SELECT * FROM public."tours";
2022-05-07 10:49:52,142 INFO c.e.t.Main [main] In function doSomething....
2022-05-07 10:49:52,143 DEBUG c.e.t.Main [main] In function doSomething....DEBUG
2022-05-07 10:50:30,793 INFO c.e.t.d.i.Database [JavaFX Application Thread] Get all tours
2022-05-07 10:50:30,800 DEBUG c.e.t.d.p.DatabaseImpl [JavaFX Application Thread] Execute select statement: SELECT * FROM public."tours";
2022-05-07 10:50:36,925 INFO c.e.t.d.i.Database [JavaFX Application Thread] Filtering tours: f
2022-05-07 10:50:37,494 INFO c.e.t.d.i.Database [JavaFX Application Thread] Filtering tours: fs
2022-05-07 10:50:40,501 INFO c.e.t.d.i.Database [JavaFX Application Thread] Filtering tours: f
2022-05-07 10:50:40,682 INFO c.e.t.d.i.Database [JavaFX Application Thread] Filtering tours: 
2022-05-07 10:50:55,441 INFO c.e.t.d.i.Database [JavaFX Application Thread] Save tour Tour1.
2022-05-07 10:50:55,442 DEBUG c.e.t.d.p.DatabaseImpl [JavaFX Application Thread] Execute insert statement: INSERT INTO public."tours" ("tourName", "tourDescription", "from", "to", "transportType", "distance", "estimatedTime") VALUES(?, ?, ?, ?, ?, CAST(? AS DECIMAL), CAST(? AS INTEGER)); with parameters: [Tour1, gds, dfs, gdg, gg, 0.0, 0]
2022-05-07 10:50:55,504 INFO c.e.t.d.i.Database [JavaFX Application Thread] Get all tours
2022-05-07 10:50:55,504 DEBUG c.e.t.d.p.DatabaseImpl [JavaFX Application Thread] Execute select statement: SELECT * FROM public."tours";
2022-05-07 10:51:05,678 INFO c.e.t.d.i.Database [JavaFX Application Thread] Save tour Test2g.
2022-05-07 10:51:05,680 DEBUG c.e.t.d.p.DatabaseImpl [JavaFX Application Thread] Execute insert statement: INSERT INTO public."tours" ("tourName", "tourDescription", "from", "to", "transportType", "distance", "estimatedTime") VALUES(?, ?, ?, ?, ?, CAST(? AS DECIMAL), CAST(? AS INTEGER)); with parameters: [Test2g, gdcg, gf, fg, gf, 0.0, 0]
2022-05-07 10:51:05,705 INFO c.e.t.d.i.Database [JavaFX Application Thread] Get all tours
2022-05-07 10:51:05,706 DEBUG c.e.t.d.p.DatabaseImpl [JavaFX Application Thread] Execute select statement: SELECT * FROM public."tours";
2022-05-07 10:51:07,002 INFO c.e.t.d.i.Database [JavaFX Application Thread] Filtering tours: f
2022-05-07 10:51:10,433 INFO c.e.t.d.i.Database [JavaFX Application Thread] Filtering tours: fs
2022-05-07 10:51:12,404 INFO c.e.t.d.i.Database [JavaFX Application Thread] Filtering tours: f
2022-05-07 10:51:13,891 INFO c.e.t.d.i.Database [JavaFX Application Thread] Filtering tours: fs
2022-05-07 10:51:14,254 INFO c.e.t.d.i.Database [JavaFX Application Thread] Filtering tours: fsf
2022-05-07 10:51:14,867 INFO c.e.t.d.i.Database [JavaFX Application Thread] Filtering tours: fsfs
2022-05-07 10:51:15,207 INFO c.e.t.d.i.Database [JavaFX Application Thread] Filtering tours: fsf
2022-05-07 10:51:15,410 INFO c.e.t.d.i.Database [JavaFX Application Thread] Filtering tours: fs
2022-05-07 10:51:15,578 INFO c.e.t.d.i.Database [JavaFX Application Thread] Filtering tours: f
2022-05-07 10:51:15,746 INFO c.e.t.d.i.Database [JavaFX Application Thread] Filtering tours: 
2022-05-07 10:51:16,220 INFO c.e.t.d.i.Database [JavaFX Application Thread] Filtering tours: t
2022-05-07 10:51:16,424 INFO c.e.t.d.i.Database [JavaFX Application Thread] Filtering tours: to
2022-05-07 10:51:17,970 INFO c.e.t.d.i.Database [JavaFX Application Thread] Filtering tours: t
2022-05-07 10:51:19,556 INFO c.e.t.d.i.Database [JavaFX Application Thread] Filtering tours: 
2022-05-07 10:51:21,218 INFO c.e.t.Main [main] In function doSomething....
2022-05-07 10:51:21,219 DEBUG c.e.t.Main [main] In function doSomething....DEBUG
2022-05-07 10:54:19,181 INFO c.e.t.d.i.Database [JavaFX Application Thread] Get all tours
2022-05-07 10:54:19,189 DEBUG c.e.t.d.p.DatabaseImpl [JavaFX Application Thread] Execute select statement: SELECT * FROM public."tours";
2022-05-07 10:54:29,417 INFO c.e.t.d.i.Database [JavaFX Application Thread] Update tour fsfsdf.
2022-05-07 10:54:29,419 DEBUG c.e.t.d.p.DatabaseImpl [JavaFX Application Thread] Execute update statement: UPDATE public."tours" SET "tourName" = ?, "tourDescription" = ?, "from" = ?, "to" = ?, "transportType" = ?, "distance" = CAST(? AS DECIMAL), "estimatedTime" = CAST(? AS INTEGER) WHERE "tourId" = CAST(? AS INTEGER); with parameters: [fsfsdf, asdas, sdfsdf, fdsf, , 23.0, 33, 1]
2022-05-07 10:54:29,472 INFO c.e.t.d.i.Database [JavaFX Application Thread] Get all tours
2022-05-07 10:54:29,472 DEBUG c.e.t.d.p.DatabaseImpl [JavaFX Application Thread] Execute select statement: SELECT * FROM public."tours";
2022-05-07 10:54:29,502 INFO c.e.t.d.i.Database [JavaFX Application Thread] Get tour with id 1.
2022-05-07 10:54:29,503 DEBUG c.e.t.d.p.DatabaseImpl [JavaFX Application Thread] Execute select statement: SELECT * FROM public."tours" WHERE "tourId" = CAST(? AS INTEGER); with parameters: [1]
2022-05-07 14:54:20,308 INFO c.e.t.d.i.Database [JavaFX Application Thread] Get all tours
2022-05-07 14:54:20,312 DEBUG c.e.t.d.p.DatabaseImpl [JavaFX Application Thread] Execute select statement: SELECT * FROM public."tours";
2022-05-07 14:54:25,422 INFO c.e.t.Main [main] In function doSomething....
2022-05-07 14:54:25,423 DEBUG c.e.t.Main [main] In function doSomething....DEBUG
2022-05-07 14:56:48,577 INFO c.e.t.d.i.Database [JavaFX Application Thread] Get all tours
2022-05-07 14:56:48,585 DEBUG c.e.t.d.p.DatabaseImpl [JavaFX Application Thread] Execute select statement: SELECT * FROM public."tours";
2022-05-07 15:03:32,027 INFO c.e.t.d.i.Database [JavaFX Application Thread] Get all tours
2022-05-07 15:03:32,034 DEBUG c.e.t.d.p.DatabaseImpl [JavaFX Application Thread] Execute select statement: SELECT * FROM public."tours";
2022-05-07 15:11:32,754 INFO c.e.t.d.i.Database [JavaFX Application Thread] Get all tours
2022-05-07 15:11:32,761 DEBUG c.e.t.d.p.DatabaseImpl [JavaFX Application Thread] Execute select statement: SELECT * FROM public."tours";
2022-05-07 15:11:59,249 INFO c.e.t.d.i.Database [JavaFX Application Thread] Get all tours
2022-05-07 15:11:59,254 DEBUG c.e.t.d.p.DatabaseImpl [JavaFX Application Thread] Execute select statement: SELECT * FROM public."tours";
2022-05-07 15:12:20,788 INFO c.e.t.d.i.Database [JavaFX Application Thread] Save tour fd.
2022-05-07 15:12:22,372 DEBUG c.e.t.d.p.DatabaseImpl [JavaFX Application Thread] Execute insert statement: INSERT INTO public."tours" ("tourName", "tourDescription", "from", "to", "transportType", "distance", "estimatedTime") VALUES(?, ?, ?, ?, ?, CAST(? AS DECIMAL), CAST(? AS INTEGER)); with parameters: [fd, sd, Vienna, Graz, avions, 0.0, 0]
2022-05-07 15:12:22,488 INFO c.e.t.d.i.Database [JavaFX Application Thread] Get all tours
2022-05-07 15:12:22,489 DEBUG c.e.t.d.p.DatabaseImpl [JavaFX Application Thread] Execute select statement: SELECT * FROM public."tours";
2022-05-07 15:30:48,503 INFO c.e.t.d.i.Database [JavaFX Application Thread] Get all tours
2022-05-07 15:30:48,510 DEBUG c.e.t.d.p.DatabaseImpl [JavaFX Application Thread] Execute select statement: SELECT * FROM public."tours";
2022-05-07 15:31:02,131 INFO c.e.t.d.i.Database [JavaFX Application Thread] Save tour fdfs.
2022-05-07 15:31:03,894 DEBUG c.e.t.d.p.DatabaseImpl [JavaFX Application Thread] Execute insert statement: INSERT INTO public."tours" ("tourName", "tourDescription", "from", "to", "transportType", "distance", "estimatedTime") VALUES(?, ?, ?, ?, ?, CAST(? AS DECIMAL), CAST(? AS INTEGER)); with parameters: [fdfs, sfs, Vienna, Graz, fsd, 0.0, 0]
2022-05-07 15:31:03,936 INFO c.e.t.d.i.Database [JavaFX Application Thread] Get all tours
2022-05-07 15:31:03,937 DEBUG c.e.t.d.p.DatabaseImpl [JavaFX Application Thread] Execute select statement: SELECT * FROM public."tours";
2022-05-07 15:38:52,899 INFO c.e.t.d.i.Database [JavaFX Application Thread] Get all tours
2022-05-07 15:38:52,906 DEBUG c.e.t.d.p.DatabaseImpl [JavaFX Application Thread] Execute select statement: SELECT * FROM public."tours";
2022-05-07 15:39:22,840 INFO c.e.t.d.i.Database [JavaFX Application Thread] Save tour dsf.
2022-05-07 15:39:25,408 DEBUG c.e.t.d.p.DatabaseImpl [JavaFX Application Thread] Execute insert statement: INSERT INTO public."tours" ("tourName", "tourDescription", "from", "to", "transportType", "distance", "estimatedTime") VALUES(?, ?, ?, ?, ?, CAST(? AS DECIMAL), CAST(? AS INTEGER)); with parameters: [dsf, fs, Vienna, Graz, sdfs, 0.0, 0]
2022-05-07 15:39:25,488 INFO c.e.t.d.i.Database [JavaFX Application Thread] Get all tours
2022-05-07 15:39:25,488 DEBUG c.e.t.d.p.DatabaseImpl [JavaFX Application Thread] Execute select statement: SELECT * FROM public."tours";
2022-05-07 15:40:42,972 INFO c.e.t.d.i.Database [JavaFX Application Thread] Get all tours
2022-05-07 15:40:42,978 DEBUG c.e.t.d.p.DatabaseImpl [JavaFX Application Thread] Execute select statement: SELECT * FROM public."tours";
2022-05-07 15:41:01,826 INFO c.e.t.d.i.Database [JavaFX Application Thread] Save tour Vienna.
2022-05-07 15:41:04,966 DEBUG c.e.t.d.p.DatabaseImpl [JavaFX Application Thread] Execute insert statement: INSERT INTO public."tours" ("tourName", "tourDescription", "from", "to", "transportType", "distance", "estimatedTime") VALUES(?, ?, ?, ?, ?, CAST(? AS DECIMAL), CAST(? AS INTEGER)); with parameters: [Vienna, fsdfs, Vienna, Luxembourg, fsf, 0.0, 0]
2022-05-07 15:41:04,996 INFO c.e.t.d.i.Database [JavaFX Application Thread] Get all tours
2022-05-07 15:41:04,997 DEBUG c.e.t.d.p.DatabaseImpl [JavaFX Application Thread] Execute select statement: SELECT * FROM public."tours";
2022-05-07 15:43:14,835 INFO c.e.t.d.i.Database [JavaFX Application Thread] Get all tours
2022-05-07 15:43:14,840 DEBUG c.e.t.d.p.DatabaseImpl [JavaFX Application Thread] Execute select statement: SELECT * FROM public."tours";
2022-05-07 15:43:27,081 INFO c.e.t.d.i.Database [JavaFX Application Thread] Save tour tes.
2022-05-07 15:43:30,512 DEBUG c.e.t.d.p.DatabaseImpl [JavaFX Application Thread] Execute insert statement: INSERT INTO public."tours" ("tourName", "tourDescription", "from", "to", "transportType", "distance", "estimatedTime") VALUES(?, ?, ?, ?, ?, CAST(? AS DECIMAL), CAST(? AS INTEGER)); with parameters: [tes, fds, Vienna, Luxembourg, sdfds, 0.0, 0]
2022-05-07 15:43:30,552 INFO c.e.t.d.i.Database [JavaFX Application Thread] Get all tours
2022-05-07 15:43:30,552 DEBUG c.e.t.d.p.DatabaseImpl [JavaFX Application Thread] Execute select statement: SELECT * FROM public."tours";
2022-05-07 16:29:08,367 INFO c.e.t.d.i.Database [JavaFX Application Thread] Get all tours
2022-05-07 16:29:08,373 DEBUG c.e.t.d.p.DatabaseImpl [JavaFX Application Thread] Execute select statement: SELECT * FROM public."tours";
2022-05-07 16:35:05,538 INFO c.e.t.d.i.Database [JavaFX Application Thread] Get all tours
2022-05-07 16:35:05,543 DEBUG c.e.t.d.p.DatabaseImpl [JavaFX Application Thread] Execute select statement: SELECT * FROM public."tours";
2022-05-07 16:36:06,979 INFO c.e.t.d.i.Database [JavaFX Application Thread] Get all tours
2022-05-07 16:36:06,985 DEBUG c.e.t.d.p.DatabaseImpl [JavaFX Application Thread] Execute select statement: SELECT * FROM public."tours";
2022-05-07 16:38:06,091 INFO c.e.t.d.i.Database [JavaFX Application Thread] Get all tours
2022-05-07 16:38:06,100 DEBUG c.e.t.d.p.DatabaseImpl [JavaFX Application Thread] Execute select statement: SELECT * FROM public."tours";
2022-05-07 16:39:02,302 INFO c.e.t.d.i.Database [JavaFX Application Thread] Get all tours
2022-05-07 16:39:02,306 DEBUG c.e.t.d.p.DatabaseImpl [JavaFX Application Thread] Execute select statement: SELECT * FROM public."tours";
2022-05-07 16:40:08,201 INFO c.e.t.d.i.Database [JavaFX Application Thread] Get all tours
2022-05-07 16:40:08,206 DEBUG c.e.t.d.p.DatabaseImpl [JavaFX Application Thread] Execute select statement: SELECT * FROM public."tours";
2022-05-07 16:49:31,717 INFO c.e.t.d.i.Database [JavaFX Application Thread] Get all tours
2022-05-07 16:49:31,721 DEBUG c.e.t.d.p.DatabaseImpl [JavaFX Application Thread] Execute select statement: SELECT * FROM public."tours";
2022-05-07 17:06:31,102 INFO c.e.t.d.i.Database [JavaFX Application Thread] Get all tours
2022-05-07 17:06:31,107 DEBUG c.e.t.d.p.DatabaseImpl [JavaFX Application Thread] Execute select statement: SELECT * FROM public."tours";
2022-05-07 17:07:07,151 INFO c.e.t.d.i.Database [JavaFX Application Thread] Get all tours
2022-05-07 17:07:07,157 DEBUG c.e.t.d.p.DatabaseImpl [JavaFX Application Thread] Execute select statement: SELECT * FROM public."tours";
2022-05-07 17:09:24,118 INFO c.e.t.d.i.Database [JavaFX Application Thread] Get all tours
2022-05-07 17:09:24,123 DEBUG c.e.t.d.p.DatabaseImpl [JavaFX Application Thread] Execute select statement: SELECT * FROM public."tours";
2022-05-07 17:19:07,650 INFO c.e.t.d.i.Database [JavaFX Application Thread] Get all tours
2022-05-07 17:19:07,655 DEBUG c.e.t.d.p.DatabaseImpl [JavaFX Application Thread] Execute select statement: SELECT * FROM public."tours";
2022-05-07 17:20:09,928 INFO c.e.t.d.i.Database [JavaFX Application Thread] Get all tours
2022-05-07 17:20:09,933 DEBUG c.e.t.d.p.DatabaseImpl [JavaFX Application Thread] Execute select statement: SELECT * FROM public."tours";
2022-05-07 17:21:38,211 INFO c.e.t.d.i.Database [JavaFX Application Thread] Get all tours
2022-05-07 17:21:38,220 DEBUG c.e.t.d.p.DatabaseImpl [JavaFX Application Thread] Execute select statement: SELECT * FROM public."tours";
2022-05-07 17:25:39,773 INFO c.e.t.d.i.Database [JavaFX Application Thread] Get all tours
2022-05-07 17:25:39,783 DEBUG c.e.t.d.p.DatabaseImpl [JavaFX Application Thread] Execute select statement: SELECT * FROM public."tours";
2022-05-07 17:26:17,192 INFO c.e.t.d.i.Database [JavaFX Application Thread] Save tour test.
2022-05-07 17:26:17,193 DEBUG c.e.t.d.p.DatabaseImpl [JavaFX Application Thread] Execute insert statement: INSERT INTO public."tours" ("tourName", "tourDescription", "from", "to", "transportType", "distance", "estimatedTime") VALUES(?, ?, ?, ?, ?, CAST(? AS DECIMAL), CAST(? AS INTEGER)); with parameters: [test, fsdf, London, Berlin, fs, 0.0, 0]
2022-05-07 17:26:17,263 INFO c.e.t.d.i.Database [JavaFX Application Thread] Get all tours
2022-05-07 17:26:17,263 DEBUG c.e.t.d.p.DatabaseImpl [JavaFX Application Thread] Execute select statement: SELECT * FROM public."tours";
2022-05-07 17:32:02,153 INFO c.e.t.Main [main] In function doSomething....
2022-05-07 17:32:02,160 DEBUG c.e.t.Main [main] In function doSomething....DEBUG
2022-05-07 17:32:08,648 INFO c.e.t.d.i.Database [JavaFX Application Thread] Get all tours
2022-05-07 17:32:08,653 DEBUG c.e.t.d.p.DatabaseImpl [JavaFX Application Thread] Execute select statement: SELECT * FROM public."tours";
2022-05-07 17:32:38,208 INFO c.e.t.Main [main] In function doSomething....
2022-05-07 17:32:38,209 DEBUG c.e.t.Main [main] In function doSomething....DEBUG
2022-05-08 14:34:53,270 INFO c.e.t.d.i.Database [JavaFX Application Thread] Get all tours
2022-05-08 14:34:53,275 DEBUG c.e.t.d.p.DatabaseImpl [JavaFX Application Thread] Execute select statement: SELECT * FROM public."tours";
2022-05-08 14:35:43,936 INFO c.e.t.d.i.Database [JavaFX Application Thread] Get all tours
2022-05-08 14:35:43,940 DEBUG c.e.t.d.p.DatabaseImpl [JavaFX Application Thread] Execute select statement: SELECT * FROM public."tours";
2022-05-08 14:36:33,272 INFO c.e.t.d.i.Database [JavaFX Application Thread] Get all tours
2022-05-08 14:36:33,276 DEBUG c.e.t.d.p.DatabaseImpl [JavaFX Application Thread] Execute select statement: SELECT * FROM public."tours";
2022-05-08 14:37:23,211 INFO c.e.t.d.i.Database [JavaFX Application Thread] Get all tours
2022-05-08 14:37:23,216 DEBUG c.e.t.d.p.DatabaseImpl [JavaFX Application Thread] Execute select statement: SELECT * FROM public."tours";
2022-05-08 14:37:50,589 INFO c.e.t.d.i.Database [JavaFX Application Thread] Get all tours
2022-05-08 14:37:50,593 DEBUG c.e.t.d.p.DatabaseImpl [JavaFX Application Thread] Execute select statement: SELECT * FROM public."tours";
2022-05-08 14:38:51,118 INFO c.e.t.d.i.Database [JavaFX Application Thread] Get all tours
2022-05-08 14:38:51,123 DEBUG c.e.t.d.p.DatabaseImpl [JavaFX Application Thread] Execute select statement: SELECT * FROM public."tours";
2022-05-08 14:39:24,770 INFO c.e.t.d.i.Database [JavaFX Application Thread] Get all tours
2022-05-08 14:39:24,775 DEBUG c.e.t.d.p.DatabaseImpl [JavaFX Application Thread] Execute select statement: SELECT * FROM public."tours";
2022-05-08 14:39:54,293 INFO c.e.t.d.i.Database [JavaFX Application Thread] Get all tours
2022-05-08 14:39:54,297 DEBUG c.e.t.d.p.DatabaseImpl [JavaFX Application Thread] Execute select statement: SELECT * FROM public."tours";
2022-05-08 14:40:25,986 INFO c.e.t.d.i.Database [JavaFX Application Thread] Get all tours
2022-05-08 14:40:25,989 DEBUG c.e.t.d.p.DatabaseImpl [JavaFX Application Thread] Execute select statement: SELECT * FROM public."tours";
2022-05-08 14:42:01,170 INFO c.e.t.d.i.Database [JavaFX Application Thread] Get all tours
2022-05-08 14:42:01,173 DEBUG c.e.t.d.p.DatabaseImpl [JavaFX Application Thread] Execute select statement: SELECT * FROM public."tours";
2022-05-08 14:47:13,808 INFO c.e.t.d.i.Database [JavaFX Application Thread] Get all tours
2022-05-08 14:47:13,813 DEBUG c.e.t.d.p.DatabaseImpl [JavaFX Application Thread] Execute select statement: SELECT * FROM public."tours";
2022-05-08 14:47:32,123 INFO c.e.t.Main [main] In function doSomething....
2022-05-08 14:47:32,124 DEBUG c.e.t.Main [main] In function doSomething....DEBUG
2022-05-08 14:47:45,258 INFO c.e.t.d.i.Database [JavaFX Application Thread] Get all tours
2022-05-08 14:47:45,263 DEBUG c.e.t.d.p.DatabaseImpl [JavaFX Application Thread] Execute select statement: SELECT * FROM public."tours";
2022-05-08 14:48:31,768 INFO c.e.t.d.i.Database [JavaFX Application Thread] Get all tours
2022-05-08 14:48:31,774 DEBUG c.e.t.d.p.DatabaseImpl [JavaFX Application Thread] Execute select statement: SELECT * FROM public."tours";
2022-05-08 14:48:40,432 INFO c.e.t.d.i.Database [JavaFX Application Thread] Get all tours
2022-05-08 14:48:40,435 DEBUG c.e.t.d.p.DatabaseImpl [JavaFX Application Thread] Execute select statement: SELECT * FROM public."tours";
2022-05-08 14:48:51,571 INFO c.e.t.Main [main] In function doSomething....
2022-05-08 14:48:51,572 DEBUG c.e.t.Main [main] In function doSomething....DEBUG
2022-05-08 14:57:19,902 INFO c.e.t.d.i.Database [JavaFX Application Thread] Get all tours
2022-05-08 14:57:19,907 DEBUG c.e.t.d.p.DatabaseImpl [JavaFX Application Thread] Execute select statement: SELECT * FROM public."tours";
2022-05-08 14:57:48,064 INFO c.e.t.Main [main] In function doSomething....
2022-05-08 14:57:48,065 DEBUG c.e.t.Main [main] In function doSomething....DEBUG
2022-05-08 14:58:44,880 INFO c.e.t.d.i.Database [JavaFX Application Thread] Get all tours
2022-05-08 14:58:44,885 DEBUG c.e.t.d.p.DatabaseImpl [JavaFX Application Thread] Execute select statement: SELECT * FROM public."tours";
2022-05-08 14:59:02,825 INFO c.e.t.Main [main] In function doSomething....
2022-05-08 14:59:02,826 DEBUG c.e.t.Main [main] In function doSomething....DEBUG
2022-05-08 14:59:17,981 INFO c.e.t.d.i.Database [JavaFX Application Thread] Get all tours
2022-05-08 14:59:17,985 DEBUG c.e.t.d.p.DatabaseImpl [JavaFX Application Thread] Execute select statement: SELECT * FROM public."tours";
2022-05-08 15:00:00,149 INFO c.e.t.d.i.Database [JavaFX Application Thread] Get all tours
2022-05-08 15:00:00,153 DEBUG c.e.t.d.p.DatabaseImpl [JavaFX Application Thread] Execute select statement: SELECT * FROM public."tours";
2022-05-08 15:00:38,645 INFO c.e.t.d.i.Database [JavaFX Application Thread] Get all tours
2022-05-08 15:00:38,650 DEBUG c.e.t.d.p.DatabaseImpl [JavaFX Application Thread] Execute select statement: SELECT * FROM public."tours";
2022-05-08 15:00:51,642 INFO c.e.t.Main [main] In function doSomething....
2022-05-08 15:00:51,643 DEBUG c.e.t.Main [main] In function doSomething....DEBUG
2022-05-08 15:01:00,423 INFO c.e.t.d.i.Database [JavaFX Application Thread] Get all tours
2022-05-08 15:01:00,427 DEBUG c.e.t.d.p.DatabaseImpl [JavaFX Application Thread] Execute select statement: SELECT * FROM public."tours";
2022-05-08 15:01:33,170 INFO c.e.t.d.i.Database [JavaFX Application Thread] Update tour fd.
2022-05-08 15:01:33,172 DEBUG c.e.t.d.p.DatabaseImpl [JavaFX Application Thread] Execute update statement: UPDATE public."tours" SET "tourName" = ?, "tourDescription" = ?, "from" = ?, "to" = ?, "transportType" = ?, "distance" = CAST(? AS DECIMAL), "estimatedTime" = CAST(? AS INTEGER) WHERE "tourId" = CAST(? AS INTEGER); with parameters: [fd, sd, Vienna, Bratislava, avions, 23.0, 33, 4]
2022-05-08 15:01:33,231 INFO c.e.t.d.i.Database [JavaFX Application Thread] Get all tours
2022-05-08 15:01:33,231 DEBUG c.e.t.d.p.DatabaseImpl [JavaFX Application Thread] Execute select statement: SELECT * FROM public."tours";
2022-05-08 15:01:38,241 INFO c.e.t.d.i.Database [JavaFX Application Thread] Get tour with id 4.
2022-05-08 15:01:38,242 DEBUG c.e.t.d.p.DatabaseImpl [JavaFX Application Thread] Execute select statement: SELECT * FROM public."tours" WHERE "tourId" = CAST(? AS INTEGER); with parameters: [4]
2022-05-08 15:03:42,581 INFO c.e.t.Main [main] In function doSomething....
2022-05-08 15:03:42,582 DEBUG c.e.t.Main [main] In function doSomething....DEBUG
2022-05-08 15:03:46,647 INFO c.e.t.d.i.Database [JavaFX Application Thread] Get all tours
2022-05-08 15:03:46,651 DEBUG c.e.t.d.p.DatabaseImpl [JavaFX Application Thread] Execute select statement: SELECT * FROM public."tours";
2022-05-08 15:04:22,532 INFO c.e.t.Main [main] In function doSomething....
2022-05-08 15:04:22,532 DEBUG c.e.t.Main [main] In function doSomething....DEBUG
2022-05-08 15:04:30,148 INFO c.e.t.d.i.Database [JavaFX Application Thread] Get all tours
2022-05-08 15:04:30,152 DEBUG c.e.t.d.p.DatabaseImpl [JavaFX Application Thread] Execute select statement: SELECT * FROM public."tours";
2022-05-08 15:04:47,947 INFO c.e.t.d.i.Database [JavaFX Application Thread] Update tour fdfs.
2022-05-08 15:04:47,948 DEBUG c.e.t.d.p.DatabaseImpl [JavaFX Application Thread] Execute update statement: UPDATE public."tours" SET "tourName" = ?, "tourDescription" = ?, "from" = ?, "to" = ?, "transportType" = ?, "distance" = CAST(? AS DECIMAL), "estimatedTime" = CAST(? AS INTEGER) WHERE "tourId" = CAST(? AS INTEGER); with parameters: [fdfs, sfs, Vienna, Bern, fsd, 23.0, 33, 5]
2022-05-08 15:04:47,967 INFO c.e.t.d.i.Database [JavaFX Application Thread] Get all tours
2022-05-08 15:04:47,968 DEBUG c.e.t.d.p.DatabaseImpl [JavaFX Application Thread] Execute select statement: SELECT * FROM public."tours";
2022-05-08 15:04:53,218 INFO c.e.t.d.i.Database [JavaFX Application Thread] Get tour with id 5.
2022-05-08 15:04:53,218 DEBUG c.e.t.d.p.DatabaseImpl [JavaFX Application Thread] Execute select statement: SELECT * FROM public."tours" WHERE "tourId" = CAST(? AS INTEGER); with parameters: [5]
2022-05-08 15:05:55,281 INFO c.e.t.d.i.Database [JavaFX Application Thread] Get all tours
2022-05-08 15:05:55,285 DEBUG c.e.t.d.p.DatabaseImpl [JavaFX Application Thread] Execute select statement: SELECT * FROM public."tours";
2022-05-08 15:06:20,264 INFO c.e.t.d.i.Database [JavaFX Application Thread] Update tour dsf.
2022-05-08 15:06:20,265 DEBUG c.e.t.d.p.DatabaseImpl [JavaFX Application Thread] Execute update statement: UPDATE public."tours" SET "tourName" = ?, "tourDescription" = ?, "from" = ?, "to" = ?, "transportType" = ?, "distance" = CAST(? AS DECIMAL), "estimatedTime" = CAST(? AS INTEGER) WHERE "tourId" = CAST(? AS INTEGER); with parameters: [dsf, fs, Vienna, Linz, sdfs, 23.0, 33, 6]
2022-05-08 15:06:20,301 INFO c.e.t.d.i.Database [JavaFX Application Thread] Get all tours
2022-05-08 15:06:20,301 DEBUG c.e.t.d.p.DatabaseImpl [JavaFX Application Thread] Execute select statement: SELECT * FROM public."tours";
2022-05-08 15:09:14,232 INFO c.e.t.d.i.Database [JavaFX Application Thread] Get all tours
2022-05-08 15:09:14,236 DEBUG c.e.t.d.p.DatabaseImpl [JavaFX Application Thread] Execute select statement: SELECT * FROM public."tours";
2022-05-08 15:10:33,503 INFO c.e.t.d.i.Database [JavaFX Application Thread] Update tour Vienna.
2022-05-08 15:10:33,504 DEBUG c.e.t.d.p.DatabaseImpl [JavaFX Application Thread] Execute update statement: UPDATE public."tours" SET "tourName" = ?, "tourDescription" = ?, "from" = ?, "to" = ?, "transportType" = ?, "distance" = CAST(? AS DECIMAL), "estimatedTime" = CAST(? AS INTEGER) WHERE "tourId" = CAST(? AS INTEGER); with parameters: [Vienna, fsdfs, Vienna, Hamburg, fsf, 23.0, 33, 7]
2022-05-08 15:10:33,534 INFO c.e.t.d.i.Database [JavaFX Application Thread] Get all tours
2022-05-08 15:10:33,534 DEBUG c.e.t.d.p.DatabaseImpl [JavaFX Application Thread] Execute select statement: SELECT * FROM public."tours";
2022-05-08 15:11:02,029 INFO c.e.t.d.i.Database [JavaFX Application Thread] Get all tours
2022-05-08 15:11:02,034 DEBUG c.e.t.d.p.DatabaseImpl [JavaFX Application Thread] Execute select statement: SELECT * FROM public."tours";
2022-05-08 15:11:22,614 INFO c.e.t.d.i.Database [JavaFX Application Thread] Update tour Vienna.
2022-05-08 15:11:22,615 DEBUG c.e.t.d.p.DatabaseImpl [JavaFX Application Thread] Execute update statement: UPDATE public."tours" SET "tourName" = ?, "tourDescription" = ?, "from" = ?, "to" = ?, "transportType" = ?, "distance" = CAST(? AS DECIMAL), "estimatedTime" = CAST(? AS INTEGER) WHERE "tourId" = CAST(? AS INTEGER); with parameters: [Vienna, fsdfs, Vienna, Hannover, fsf, 23.0, 33, 7]
2022-05-08 15:11:22,648 INFO c.e.t.d.i.Database [JavaFX Application Thread] Get all tours
2022-05-08 15:11:22,648 DEBUG c.e.t.d.p.DatabaseImpl [JavaFX Application Thread] Execute select statement: SELECT * FROM public."tours";
2022-05-08 15:11:28,483 INFO c.e.t.d.i.Database [JavaFX Application Thread] Get tour with id 7.
2022-05-08 15:11:28,484 DEBUG c.e.t.d.p.DatabaseImpl [JavaFX Application Thread] Execute select statement: SELECT * FROM public."tours" WHERE "tourId" = CAST(? AS INTEGER); with parameters: [7]
2022-05-08 15:11:35,910 INFO c.e.t.Main [main] In function doSomething....
2022-05-08 15:11:35,911 DEBUG c.e.t.Main [main] In function doSomething....DEBUG
2022-05-08 15:53:41,496 INFO c.e.t.d.i.Database [JavaFX Application Thread] Get all tours
2022-05-08 15:53:41,501 DEBUG c.e.t.d.p.DatabaseImpl [JavaFX Application Thread] Execute select statement: SELECT * FROM public."tours";
2022-05-08 15:54:17,026 INFO c.e.t.d.i.Database [JavaFX Application Thread] Get all tours
2022-05-08 15:54:17,031 DEBUG c.e.t.d.p.DatabaseImpl [JavaFX Application Thread] Execute select statement: SELECT * FROM public."tours";
2022-05-08 15:56:12,750 INFO c.e.t.d.i.Database [JavaFX Application Thread] Get all tours
2022-05-08 15:56:12,756 DEBUG c.e.t.d.p.DatabaseImpl [JavaFX Application Thread] Execute select statement: SELECT * FROM public."tours";
2022-05-08 15:57:06,170 INFO c.e.t.d.i.Database [JavaFX Application Thread] Get all tours
2022-05-08 15:57:06,175 DEBUG c.e.t.d.p.DatabaseImpl [JavaFX Application Thread] Execute select statement: SELECT * FROM public."tours";
2022-05-08 15:57:21,804 INFO c.e.t.d.i.Database [JavaFX Application Thread] Get all tours
2022-05-08 15:57:21,808 DEBUG c.e.t.d.p.DatabaseImpl [JavaFX Application Thread] Execute select statement: SELECT * FROM public."tours";
2022-05-08 15:58:29,332 INFO c.e.t.d.i.Database [JavaFX Application Thread] Get all tours
2022-05-08 15:58:29,337 DEBUG c.e.t.d.p.DatabaseImpl [JavaFX Application Thread] Execute select statement: SELECT * FROM public."tours";
2022-05-08 16:02:49,278 INFO c.e.t.d.i.Database [JavaFX Application Thread] Get all tours
2022-05-08 16:02:49,282 DEBUG c.e.t.d.p.DatabaseImpl [JavaFX Application Thread] Execute select statement: SELECT * FROM public."tours";
2022-05-08 16:03:28,122 INFO c.e.t.d.i.Database [JavaFX Application Thread] Get all tours
2022-05-08 16:03:28,126 DEBUG c.e.t.d.p.DatabaseImpl [JavaFX Application Thread] Execute select statement: SELECT * FROM public."tours";
2022-05-08 16:03:55,052 INFO c.e.t.d.i.Database [JavaFX Application Thread] Get all tours
2022-05-08 16:03:55,055 DEBUG c.e.t.d.p.DatabaseImpl [JavaFX Application Thread] Execute select statement: SELECT * FROM public."tours";
2022-05-08 16:03:56,804 INFO c.e.t.d.i.Database [JavaFX Application Thread] Get tour with id 0.
2022-05-08 16:03:56,805 DEBUG c.e.t.d.p.DatabaseImpl [JavaFX Application Thread] Execute select statement: SELECT * FROM public."tours" WHERE "tourId" = CAST(? AS INTEGER); with parameters: [0]
2022-05-08 16:04:31,266 INFO c.e.t.d.i.Database [JavaFX Application Thread] Get all tours
2022-05-08 16:04:31,271 DEBUG c.e.t.d.p.DatabaseImpl [JavaFX Application Thread] Execute select statement: SELECT * FROM public."tours";
2022-05-08 16:04:32,987 INFO c.e.t.d.i.Database [JavaFX Application Thread] Get tour with id 8.
2022-05-08 16:04:32,988 DEBUG c.e.t.d.p.DatabaseImpl [JavaFX Application Thread] Execute select statement: SELECT * FROM public."tours" WHERE "tourId" = CAST(? AS INTEGER); with parameters: [8]
2022-05-08 16:04:38,417 INFO c.e.t.d.i.Database [JavaFX Application Thread] Get tour with id 6.
2022-05-08 16:04:38,417 DEBUG c.e.t.d.p.DatabaseImpl [JavaFX Application Thread] Execute select statement: SELECT * FROM public."tours" WHERE "tourId" = CAST(? AS INTEGER); with parameters: [6]
2022-05-08 16:06:12,316 INFO c.e.t.d.i.Database [JavaFX Application Thread] Get all tours
2022-05-08 16:06:12,320 DEBUG c.e.t.d.p.DatabaseImpl [JavaFX Application Thread] Execute select statement: SELECT * FROM public."tours";
2022-05-08 16:06:14,236 INFO c.e.t.d.i.Database [JavaFX Application Thread] Get tour with id 4.
2022-05-08 16:06:14,236 DEBUG c.e.t.d.p.DatabaseImpl [JavaFX Application Thread] Execute select statement: SELECT * FROM public."tours" WHERE "tourId" = CAST(? AS INTEGER); with parameters: [4]
2022-05-08 16:06:24,225 INFO c.e.t.d.i.Database [JavaFX Application Thread] Get tour with id 6.
2022-05-08 16:06:24,226 DEBUG c.e.t.d.p.DatabaseImpl [JavaFX Application Thread] Execute select statement: SELECT * FROM public."tours" WHERE "tourId" = CAST(? AS INTEGER); with parameters: [6]
2022-05-08 16:06:28,334 INFO c.e.t.Main [main] In function doSomething....
2022-05-08 16:06:28,335 DEBUG c.e.t.Main [main] In function doSomething....DEBUG
